{"C:\\Users\\Swaroop.Bidkar\\Desktop\\New folder (3)\\SOW\\Backend\\app.js": {"path":"C:\\Users\\Swaroop.Bidkar\\Desktop\\New folder (3)\\SOW\\Backend\\app.js","statementMap":{"0":{"start":{"line":1,"column":0},"end":{"line":1,"column":27}},"1":{"start":{"line":2,"column":16},"end":{"line":2,"column":34}},"2":{"start":{"line":3,"column":13},"end":{"line":3,"column":28}},"3":{"start":{"line":4,"column":13},"end":{"line":4,"column":33}},"4":{"start":{"line":7,"column":19},"end":{"line":7,"column":49}},"5":{"start":{"line":8,"column":18},"end":{"line":8,"column":47}},"6":{"start":{"line":9,"column":19},"end":{"line":9,"column":49}},"7":{"start":{"line":10,"column":27},"end":{"line":10,"column":65}},"8":{"start":{"line":11,"column":23},"end":{"line":11,"column":57}},"9":{"start":{"line":12,"column":24},"end":{"line":12,"column":59}},"10":{"start":{"line":14,"column":30},"end":{"line":14,"column":77}},"11":{"start":{"line":15,"column":28},"end":{"line":15,"column":72}},"12":{"start":{"line":19,"column":12},"end":{"line":19,"column":21}},"13":{"start":{"line":20,"column":0},"end":{"line":20,"column":16}},"14":{"start":{"line":21,"column":0},"end":{"line":21,"column":24}},"15":{"start":{"line":22,"column":0},"end":{"line":22,"column":47}},"16":{"start":{"line":24,"column":0},"end":{"line":24,"column":28}},"17":{"start":{"line":25,"column":0},"end":{"line":25,"column":27}},"18":{"start":{"line":26,"column":0},"end":{"line":26,"column":28}},"19":{"start":{"line":27,"column":0},"end":{"line":27,"column":36}},"20":{"start":{"line":28,"column":0},"end":{"line":28,"column":32}},"21":{"start":{"line":29,"column":0},"end":{"line":29,"column":33}},"22":{"start":{"line":37,"column":0},"end":{"line":40,"column":3}},"23":{"start":{"line":38,"column":2},"end":{"line":38,"column":22}},"24":{"start":{"line":39,"column":2},"end":{"line":39,"column":53}},"25":{"start":{"line":45,"column":0},"end":{"line":48,"column":3}},"26":{"start":{"line":46,"column":2},"end":{"line":46,"column":20}},"27":{"start":{"line":47,"column":2},"end":{"line":47,"column":53}},"28":{"start":{"line":50,"column":13},"end":{"line":50,"column":37}},"29":{"start":{"line":51,"column":0},"end":{"line":53,"column":3}},"30":{"start":{"line":52,"column":2},"end":{"line":52,"column":48}}},"fnMap":{"0":{"name":"(anonymous_0)","decl":{"start":{"line":37,"column":27},"end":{"line":37,"column":28}},"loc":{"start":{"line":37,"column":33},"end":{"line":40,"column":1}},"line":37},"1":{"name":"(anonymous_1)","decl":{"start":{"line":45,"column":27},"end":{"line":45,"column":28}},"loc":{"start":{"line":45,"column":33},"end":{"line":48,"column":1}},"line":45},"2":{"name":"(anonymous_2)","decl":{"start":{"line":51,"column":17},"end":{"line":51,"column":18}},"loc":{"start":{"line":51,"column":23},"end":{"line":53,"column":1}},"line":51}},"branchMap":{"0":{"loc":{"start":{"line":50,"column":13},"end":{"line":50,"column":37}},"type":"binary-expr","locations":[{"start":{"line":50,"column":13},"end":{"line":50,"column":29}},{"start":{"line":50,"column":33},"end":{"line":50,"column":37}}],"line":50}},"s":{"0":1,"1":1,"2":1,"3":1,"4":1,"5":1,"6":1,"7":1,"8":1,"9":1,"10":1,"11":1,"12":1,"13":1,"14":1,"15":1,"16":1,"17":1,"18":1,"19":1,"20":1,"21":1,"22":1,"23":0,"24":0,"25":1,"26":0,"27":0,"28":1,"29":1,"30":0},"f":{"0":0,"1":0,"2":0},"b":{"0":[1,1]},"_coverageSchema":"1a1c01bbd47fc00a2c39e90264f33305004495a9","hash":"ca68747836ee6cacef468ce075b694ea789efba2"}
,"C:\\Users\\Swaroop.Bidkar\\Desktop\\New folder (3)\\SOW\\Backend\\controllers\\authController.js": {"path":"C:\\Users\\Swaroop.Bidkar\\Desktop\\New folder (3)\\SOW\\Backend\\controllers\\authController.js","statementMap":{"0":{"start":{"line":89,"column":11},"end":{"line":89,"column":34}},"1":{"start":{"line":90,"column":15},"end":{"line":90,"column":32}},"2":{"start":{"line":91,"column":12},"end":{"line":91,"column":35}},"3":{"start":{"line":94,"column":19},"end":{"line":94,"column":62}},"4":{"start":{"line":95,"column":23},"end":{"line":95,"column":57}},"5":{"start":{"line":190,"column":0},"end":{"line":236,"column":2}},"6":{"start":{"line":191,"column":30},"end":{"line":191,"column":38}},"7":{"start":{"line":193,"column":16},"end":{"line":193,"column":53}},"8":{"start":{"line":194,"column":2},"end":{"line":235,"column":5}},"9":{"start":{"line":195,"column":4},"end":{"line":198,"column":5}},"10":{"start":{"line":196,"column":6},"end":{"line":196,"column":41}},"11":{"start":{"line":197,"column":6},"end":{"line":197,"column":59}},"12":{"start":{"line":200,"column":4},"end":{"line":202,"column":5}},"13":{"start":{"line":201,"column":6},"end":{"line":201,"column":86}},"14":{"start":{"line":204,"column":17},"end":{"line":204,"column":27}},"15":{"start":{"line":205,"column":33},"end":{"line":205,"column":46}},"16":{"start":{"line":207,"column":4},"end":{"line":234,"column":7}},"17":{"start":{"line":208,"column":6},"end":{"line":211,"column":7}},"18":{"start":{"line":209,"column":8},"end":{"line":209,"column":57}},"19":{"start":{"line":210,"column":8},"end":{"line":210,"column":61}},"20":{"start":{"line":213,"column":6},"end":{"line":215,"column":7}},"21":{"start":{"line":214,"column":8},"end":{"line":214,"column":88}},"22":{"start":{"line":218,"column":20},"end":{"line":222,"column":7}},"23":{"start":{"line":224,"column":6},"end":{"line":233,"column":9}},"24":{"start":{"line":254,"column":0},"end":{"line":286,"column":2}},"25":{"start":{"line":255,"column":21},"end":{"line":255,"column":49}},"26":{"start":{"line":256,"column":16},"end":{"line":256,"column":54}},"27":{"start":{"line":258,"column":2},"end":{"line":260,"column":3}},"28":{"start":{"line":259,"column":4},"end":{"line":259,"column":78}},"29":{"start":{"line":262,"column":2},"end":{"line":285,"column":5}},"30":{"start":{"line":263,"column":4},"end":{"line":266,"column":5}},"31":{"start":{"line":264,"column":6},"end":{"line":264,"column":52}},"32":{"start":{"line":265,"column":6},"end":{"line":265,"column":80}},"33":{"start":{"line":268,"column":4},"end":{"line":268,"column":43}},"34":{"start":{"line":270,"column":18},"end":{"line":270,"column":111}},"35":{"start":{"line":271,"column":4},"end":{"line":284,"column":7}},"36":{"start":{"line":272,"column":6},"end":{"line":275,"column":7}},"37":{"start":{"line":273,"column":8},"end":{"line":273,"column":52}},"38":{"start":{"line":274,"column":8},"end":{"line":274,"column":97}},"39":{"start":{"line":277,"column":6},"end":{"line":280,"column":7}},"40":{"start":{"line":278,"column":8},"end":{"line":278,"column":69}},"41":{"start":{"line":279,"column":8},"end":{"line":279,"column":83}},"42":{"start":{"line":282,"column":19},"end":{"line":282,"column":29}},"43":{"start":{"line":283,"column":6},"end":{"line":283,"column":52}},"44":{"start":{"line":288,"column":0},"end":{"line":333,"column":2}},"45":{"start":{"line":289,"column":30},"end":{"line":289,"column":38}},"46":{"start":{"line":291,"column":16},"end":{"line":291,"column":85}},"47":{"start":{"line":292,"column":2},"end":{"line":332,"column":5}},"48":{"start":{"line":293,"column":4},"end":{"line":296,"column":5}},"49":{"start":{"line":294,"column":6},"end":{"line":294,"column":44}},"50":{"start":{"line":295,"column":6},"end":{"line":295,"column":70}},"51":{"start":{"line":298,"column":4},"end":{"line":300,"column":5}},"52":{"start":{"line":299,"column":6},"end":{"line":299,"column":74}},"53":{"start":{"line":302,"column":36},"end":{"line":302,"column":46}},"54":{"start":{"line":304,"column":4},"end":{"line":306,"column":5}},"55":{"start":{"line":305,"column":6},"end":{"line":305,"column":67}},"56":{"start":{"line":308,"column":4},"end":{"line":331,"column":7}},"57":{"start":{"line":309,"column":6},"end":{"line":312,"column":7}},"58":{"start":{"line":310,"column":8},"end":{"line":310,"column":54}},"59":{"start":{"line":311,"column":8},"end":{"line":311,"column":72}},"60":{"start":{"line":314,"column":26},"end":{"line":314,"column":75}},"61":{"start":{"line":315,"column":6},"end":{"line":330,"column":9}},"62":{"start":{"line":316,"column":8},"end":{"line":319,"column":9}},"63":{"start":{"line":317,"column":10},"end":{"line":317,"column":57}},"64":{"start":{"line":318,"column":10},"end":{"line":318,"column":78}},"65":{"start":{"line":321,"column":28},"end":{"line":321,"column":77}},"66":{"start":{"line":322,"column":8},"end":{"line":329,"column":11}},"67":{"start":{"line":323,"column":10},"end":{"line":326,"column":11}},"68":{"start":{"line":324,"column":12},"end":{"line":324,"column":56}},"69":{"start":{"line":325,"column":12},"end":{"line":325,"column":77}},"70":{"start":{"line":328,"column":10},"end":{"line":328,"column":64}}},"fnMap":{"0":{"name":"(anonymous_0)","decl":{"start":{"line":190,"column":16},"end":{"line":190,"column":17}},"loc":{"start":{"line":190,"column":30},"end":{"line":236,"column":1}},"line":190},"1":{"name":"(anonymous_1)","decl":{"start":{"line":194,"column":27},"end":{"line":194,"column":28}},"loc":{"start":{"line":194,"column":45},"end":{"line":235,"column":3}},"line":194},"2":{"name":"(anonymous_2)","decl":{"start":{"line":207,"column":51},"end":{"line":207,"column":52}},"loc":{"start":{"line":207,"column":69},"end":{"line":234,"column":5}},"line":207},"3":{"name":"(anonymous_3)","decl":{"start":{"line":254,"column":22},"end":{"line":254,"column":23}},"loc":{"start":{"line":254,"column":36},"end":{"line":286,"column":1}},"line":254},"4":{"name":"(anonymous_4)","decl":{"start":{"line":262,"column":32},"end":{"line":262,"column":33}},"loc":{"start":{"line":262,"column":50},"end":{"line":285,"column":3}},"line":262},"5":{"name":"(anonymous_5)","decl":{"start":{"line":271,"column":38},"end":{"line":271,"column":39}},"loc":{"start":{"line":271,"column":56},"end":{"line":284,"column":5}},"line":271},"6":{"name":"(anonymous_6)","decl":{"start":{"line":288,"column":24},"end":{"line":288,"column":25}},"loc":{"start":{"line":288,"column":38},"end":{"line":333,"column":1}},"line":288},"7":{"name":"(anonymous_7)","decl":{"start":{"line":292,"column":27},"end":{"line":292,"column":28}},"loc":{"start":{"line":292,"column":45},"end":{"line":332,"column":3}},"line":292},"8":{"name":"(anonymous_8)","decl":{"start":{"line":308,"column":30},"end":{"line":308,"column":31}},"loc":{"start":{"line":308,"column":55},"end":{"line":331,"column":5}},"line":308},"9":{"name":"(anonymous_9)","decl":{"start":{"line":315,"column":55},"end":{"line":315,"column":56}},"loc":{"start":{"line":315,"column":64},"end":{"line":330,"column":7}},"line":315},"10":{"name":"(anonymous_10)","decl":{"start":{"line":322,"column":39},"end":{"line":322,"column":40}},"loc":{"start":{"line":322,"column":48},"end":{"line":329,"column":9}},"line":322}},"branchMap":{"0":{"loc":{"start":{"line":94,"column":19},"end":{"line":94,"column":62}},"type":"binary-expr","locations":[{"start":{"line":94,"column":19},"end":{"line":94,"column":41}},{"start":{"line":94,"column":45},"end":{"line":94,"column":62}}],"line":94},"1":{"loc":{"start":{"line":95,"column":23},"end":{"line":95,"column":57}},"type":"binary-expr","locations":[{"start":{"line":95,"column":23},"end":{"line":95,"column":49}},{"start":{"line":95,"column":53},"end":{"line":95,"column":57}}],"line":95},"2":{"loc":{"start":{"line":195,"column":4},"end":{"line":198,"column":5}},"type":"if","locations":[{"start":{"line":195,"column":4},"end":{"line":198,"column":5}},{"start":{},"end":{}}],"line":195},"3":{"loc":{"start":{"line":200,"column":4},"end":{"line":202,"column":5}},"type":"if","locations":[{"start":{"line":200,"column":4},"end":{"line":202,"column":5}},{"start":{},"end":{}}],"line":200},"4":{"loc":{"start":{"line":208,"column":6},"end":{"line":211,"column":7}},"type":"if","locations":[{"start":{"line":208,"column":6},"end":{"line":211,"column":7}},{"start":{},"end":{}}],"line":208},"5":{"loc":{"start":{"line":213,"column":6},"end":{"line":215,"column":7}},"type":"if","locations":[{"start":{"line":213,"column":6},"end":{"line":215,"column":7}},{"start":{},"end":{}}],"line":213},"6":{"loc":{"start":{"line":256,"column":16},"end":{"line":256,"column":54}},"type":"binary-expr","locations":[{"start":{"line":256,"column":16},"end":{"line":256,"column":26}},{"start":{"line":256,"column":30},"end":{"line":256,"column":54}}],"line":256},"7":{"loc":{"start":{"line":258,"column":2},"end":{"line":260,"column":3}},"type":"if","locations":[{"start":{"line":258,"column":2},"end":{"line":260,"column":3}},{"start":{},"end":{}}],"line":258},"8":{"loc":{"start":{"line":263,"column":4},"end":{"line":266,"column":5}},"type":"if","locations":[{"start":{"line":263,"column":4},"end":{"line":266,"column":5}},{"start":{},"end":{}}],"line":263},"9":{"loc":{"start":{"line":272,"column":6},"end":{"line":275,"column":7}},"type":"if","locations":[{"start":{"line":272,"column":6},"end":{"line":275,"column":7}},{"start":{},"end":{}}],"line":272},"10":{"loc":{"start":{"line":277,"column":6},"end":{"line":280,"column":7}},"type":"if","locations":[{"start":{"line":277,"column":6},"end":{"line":280,"column":7}},{"start":{},"end":{}}],"line":277},"11":{"loc":{"start":{"line":293,"column":4},"end":{"line":296,"column":5}},"type":"if","locations":[{"start":{"line":293,"column":4},"end":{"line":296,"column":5}},{"start":{},"end":{}}],"line":293},"12":{"loc":{"start":{"line":298,"column":4},"end":{"line":300,"column":5}},"type":"if","locations":[{"start":{"line":298,"column":4},"end":{"line":300,"column":5}},{"start":{},"end":{}}],"line":298},"13":{"loc":{"start":{"line":304,"column":4},"end":{"line":306,"column":5}},"type":"if","locations":[{"start":{"line":304,"column":4},"end":{"line":306,"column":5}},{"start":{},"end":{}}],"line":304},"14":{"loc":{"start":{"line":309,"column":6},"end":{"line":312,"column":7}},"type":"if","locations":[{"start":{"line":309,"column":6},"end":{"line":312,"column":7}},{"start":{},"end":{}}],"line":309},"15":{"loc":{"start":{"line":316,"column":8},"end":{"line":319,"column":9}},"type":"if","locations":[{"start":{"line":316,"column":8},"end":{"line":319,"column":9}},{"start":{},"end":{}}],"line":316},"16":{"loc":{"start":{"line":323,"column":10},"end":{"line":326,"column":11}},"type":"if","locations":[{"start":{"line":323,"column":10},"end":{"line":326,"column":11}},{"start":{},"end":{}}],"line":323}},"s":{"0":2,"1":2,"2":2,"3":2,"4":2,"5":2,"6":4,"7":4,"8":4,"9":4,"10":1,"11":1,"12":3,"13":1,"14":2,"15":2,"16":2,"17":2,"18":0,"19":0,"20":2,"21":1,"22":1,"23":1,"24":2,"25":4,"26":4,"27":4,"28":1,"29":3,"30":3,"31":1,"32":1,"33":2,"34":2,"35":2,"36":2,"37":0,"38":0,"39":2,"40":1,"41":1,"42":1,"43":1,"44":2,"45":4,"46":4,"47":4,"48":4,"49":1,"50":1,"51":3,"52":1,"53":2,"54":2,"55":1,"56":1,"57":1,"58":0,"59":0,"60":1,"61":1,"62":1,"63":0,"64":0,"65":1,"66":1,"67":1,"68":0,"69":0,"70":1},"f":{"0":4,"1":4,"2":2,"3":4,"4":3,"5":2,"6":4,"7":4,"8":1,"9":1,"10":1},"b":{"0":[2,1],"1":[2,1],"2":[1,3],"3":[1,2],"4":[0,2],"5":[1,1],"6":[4,3],"7":[1,3],"8":[1,2],"9":[0,2],"10":[1,1],"11":[1,3],"12":[1,2],"13":[1,1],"14":[0,1],"15":[0,1],"16":[0,1]},"_coverageSchema":"1a1c01bbd47fc00a2c39e90264f33305004495a9","hash":"7942390a46ab8afbe1ec8d0205ac6412f177d51e"}
,"C:\\Users\\Swaroop.Bidkar\\Desktop\\New folder (3)\\SOW\\Backend\\controllers\\dashboardController.js": {"path":"C:\\Users\\Swaroop.Bidkar\\Desktop\\New folder (3)\\SOW\\Backend\\controllers\\dashboardController.js","statementMap":{"0":{"start":{"line":1,"column":11},"end":{"line":1,"column":34}},"1":{"start":{"line":4,"column":0},"end":{"line":27,"column":2}},"2":{"start":{"line":5,"column":2},"end":{"line":26,"column":4}},"3":{"start":{"line":23,"column":6},"end":{"line":23,"column":73}},"4":{"start":{"line":23,"column":15},"end":{"line":23,"column":73}},"5":{"start":{"line":24,"column":6},"end":{"line":24,"column":24}},"6":{"start":{"line":30,"column":0},"end":{"line":61,"column":2}},"7":{"start":{"line":31,"column":34},"end":{"line":31,"column":42}},"8":{"start":{"line":32,"column":2},"end":{"line":32,"column":29}},"9":{"start":{"line":33,"column":2},"end":{"line":33,"column":31}},"10":{"start":{"line":34,"column":2},"end":{"line":34,"column":29}},"11":{"start":{"line":35,"column":4},"end":{"line":35,"column":43}},"12":{"start":{"line":36,"column":2},"end":{"line":38,"column":3}},"13":{"start":{"line":37,"column":4},"end":{"line":37,"column":70}},"14":{"start":{"line":40,"column":2},"end":{"line":60,"column":4}},"15":{"start":{"line":56,"column":6},"end":{"line":56,"column":73}},"16":{"start":{"line":56,"column":15},"end":{"line":56,"column":73}},"17":{"start":{"line":57,"column":6},"end":{"line":57,"column":24}},"18":{"start":{"line":58,"column":6},"end":{"line":58,"column":39}},"19":{"start":{"line":64,"column":0},"end":{"line":107,"column":2}},"20":{"start":{"line":65,"column":26},"end":{"line":65,"column":34}},"21":{"start":{"line":66,"column":2},"end":{"line":66,"column":41}},"22":{"start":{"line":67,"column":2},"end":{"line":69,"column":3}},"23":{"start":{"line":68,"column":4},"end":{"line":68,"column":70}},"24":{"start":{"line":71,"column":2},"end":{"line":106,"column":4}},"25":{"start":{"line":75,"column":6},"end":{"line":75,"column":78}},"26":{"start":{"line":75,"column":15},"end":{"line":75,"column":78}},"27":{"start":{"line":76,"column":6},"end":{"line":77,"column":74}},"28":{"start":{"line":77,"column":8},"end":{"line":77,"column":74}},"29":{"start":{"line":79,"column":28},"end":{"line":79,"column":56}},"30":{"start":{"line":81,"column":6},"end":{"line":104,"column":8}},"31":{"start":{"line":101,"column":10},"end":{"line":101,"column":77}},"32":{"start":{"line":101,"column":19},"end":{"line":101,"column":77}},"33":{"start":{"line":102,"column":10},"end":{"line":102,"column":28}}},"fnMap":{"0":{"name":"(anonymous_0)","decl":{"start":{"line":4,"column":31},"end":{"line":4,"column":32}},"loc":{"start":{"line":4,"column":45},"end":{"line":27,"column":1}},"line":4},"1":{"name":"(anonymous_1)","decl":{"start":{"line":22,"column":4},"end":{"line":22,"column":5}},"loc":{"start":{"line":22,"column":22},"end":{"line":25,"column":5}},"line":22},"2":{"name":"(anonymous_2)","decl":{"start":{"line":30,"column":41},"end":{"line":30,"column":42}},"loc":{"start":{"line":30,"column":55},"end":{"line":61,"column":1}},"line":30},"3":{"name":"(anonymous_3)","decl":{"start":{"line":55,"column":4},"end":{"line":55,"column":5}},"loc":{"start":{"line":55,"column":22},"end":{"line":59,"column":5}},"line":55},"4":{"name":"(anonymous_4)","decl":{"start":{"line":64,"column":38},"end":{"line":64,"column":39}},"loc":{"start":{"line":64,"column":52},"end":{"line":107,"column":1}},"line":64},"5":{"name":"(anonymous_5)","decl":{"start":{"line":74,"column":4},"end":{"line":74,"column":5}},"loc":{"start":{"line":74,"column":26},"end":{"line":105,"column":5}},"line":74},"6":{"name":"(anonymous_6)","decl":{"start":{"line":100,"column":8},"end":{"line":100,"column":9}},"loc":{"start":{"line":100,"column":26},"end":{"line":103,"column":9}},"line":100}},"branchMap":{"0":{"loc":{"start":{"line":23,"column":6},"end":{"line":23,"column":73}},"type":"if","locations":[{"start":{"line":23,"column":6},"end":{"line":23,"column":73}},{"start":{},"end":{}}],"line":23},"1":{"loc":{"start":{"line":36,"column":2},"end":{"line":38,"column":3}},"type":"if","locations":[{"start":{"line":36,"column":2},"end":{"line":38,"column":3}},{"start":{},"end":{}}],"line":36},"2":{"loc":{"start":{"line":36,"column":6},"end":{"line":36,"column":42}},"type":"binary-expr","locations":[{"start":{"line":36,"column":6},"end":{"line":36,"column":11}},{"start":{"line":36,"column":15},"end":{"line":36,"column":42}}],"line":36},"3":{"loc":{"start":{"line":56,"column":6},"end":{"line":56,"column":73}},"type":"if","locations":[{"start":{"line":56,"column":6},"end":{"line":56,"column":73}},{"start":{},"end":{}}],"line":56},"4":{"loc":{"start":{"line":67,"column":2},"end":{"line":69,"column":3}},"type":"if","locations":[{"start":{"line":67,"column":2},"end":{"line":69,"column":3}},{"start":{},"end":{}}],"line":67},"5":{"loc":{"start":{"line":67,"column":6},"end":{"line":67,"column":40}},"type":"binary-expr","locations":[{"start":{"line":67,"column":6},"end":{"line":67,"column":12}},{"start":{"line":67,"column":16},"end":{"line":67,"column":40}}],"line":67},"6":{"loc":{"start":{"line":75,"column":6},"end":{"line":75,"column":78}},"type":"if","locations":[{"start":{"line":75,"column":6},"end":{"line":75,"column":78}},{"start":{},"end":{}}],"line":75},"7":{"loc":{"start":{"line":76,"column":6},"end":{"line":77,"column":74}},"type":"if","locations":[{"start":{"line":76,"column":6},"end":{"line":77,"column":74}},{"start":{},"end":{}}],"line":76},"8":{"loc":{"start":{"line":101,"column":10},"end":{"line":101,"column":77}},"type":"if","locations":[{"start":{"line":101,"column":10},"end":{"line":101,"column":77}},{"start":{},"end":{}}],"line":101}},"s":{"0":2,"1":2,"2":2,"3":2,"4":1,"5":1,"6":2,"7":3,"8":3,"9":3,"10":3,"11":3,"12":3,"13":1,"14":2,"15":2,"16":1,"17":1,"18":1,"19":2,"20":5,"21":5,"22":5,"23":1,"24":4,"25":4,"26":1,"27":3,"28":1,"29":2,"30":2,"31":2,"32":1,"33":1},"f":{"0":2,"1":2,"2":3,"3":2,"4":5,"5":4,"6":2},"b":{"0":[1,1],"1":[1,2],"2":[3,2],"3":[1,1],"4":[1,4],"5":[5,4],"6":[1,3],"7":[1,2],"8":[1,1]},"_coverageSchema":"1a1c01bbd47fc00a2c39e90264f33305004495a9","hash":"c603c8f2ae41bdbbfa1c3ce6a19d72b7b1db7b35"}
,"C:\\Users\\Swaroop.Bidkar\\Desktop\\New folder (3)\\SOW\\Backend\\controllers\\dropdownController.js": {"path":"C:\\Users\\Swaroop.Bidkar\\Desktop\\New folder (3)\\SOW\\Backend\\controllers\\dropdownController.js","statementMap":{"0":{"start":{"line":1,"column":11},"end":{"line":1,"column":34}},"1":{"start":{"line":4,"column":23},"end":{"line":14,"column":1}},"2":{"start":{"line":5,"column":16},"end":{"line":5,"column":53}},"3":{"start":{"line":7,"column":2},"end":{"line":13,"column":5}},"4":{"start":{"line":8,"column":4},"end":{"line":11,"column":5}},"5":{"start":{"line":9,"column":6},"end":{"line":9,"column":59}},"6":{"start":{"line":10,"column":6},"end":{"line":10,"column":76}},"7":{"start":{"line":12,"column":4},"end":{"line":12,"column":22}},"8":{"start":{"line":19,"column":26},"end":{"line":53,"column":1}},"9":{"start":{"line":20,"column":16},"end":{"line":20,"column":29}},"10":{"start":{"line":23,"column":2},"end":{"line":25,"column":3}},"11":{"start":{"line":24,"column":4},"end":{"line":24,"column":61}},"12":{"start":{"line":27,"column":16},"end":{"line":30,"column":21}},"13":{"start":{"line":32,"column":2},"end":{"line":52,"column":5}},"14":{"start":{"line":33,"column":4},"end":{"line":36,"column":5}},"15":{"start":{"line":34,"column":6},"end":{"line":34,"column":63}},"16":{"start":{"line":35,"column":6},"end":{"line":35,"column":79}},"17":{"start":{"line":38,"column":4},"end":{"line":40,"column":5}},"18":{"start":{"line":39,"column":6},"end":{"line":39,"column":62}},"19":{"start":{"line":43,"column":23},"end":{"line":43,"column":53}},"20":{"start":{"line":44,"column":4},"end":{"line":44,"column":51}},"21":{"start":{"line":45,"column":4},"end":{"line":45,"column":72}},"22":{"start":{"line":45,"column":58},"end":{"line":45,"column":70}},"23":{"start":{"line":48,"column":4},"end":{"line":48,"column":43}},"24":{"start":{"line":51,"column":4},"end":{"line":51,"column":25}},"25":{"start":{"line":56,"column":0},"end":{"line":56,"column":55}}},"fnMap":{"0":{"name":"(anonymous_0)","decl":{"start":{"line":4,"column":23},"end":{"line":4,"column":24}},"loc":{"start":{"line":4,"column":37},"end":{"line":14,"column":1}},"line":4},"1":{"name":"(anonymous_1)","decl":{"start":{"line":7,"column":18},"end":{"line":7,"column":19}},"loc":{"start":{"line":7,"column":38},"end":{"line":13,"column":3}},"line":7},"2":{"name":"(anonymous_2)","decl":{"start":{"line":19,"column":26},"end":{"line":19,"column":27}},"loc":{"start":{"line":19,"column":40},"end":{"line":53,"column":1}},"line":19},"3":{"name":"(anonymous_3)","decl":{"start":{"line":32,"column":27},"end":{"line":32,"column":28}},"loc":{"start":{"line":32,"column":47},"end":{"line":52,"column":3}},"line":32},"4":{"name":"(anonymous_4)","decl":{"start":{"line":45,"column":47},"end":{"line":45,"column":48}},"loc":{"start":{"line":45,"column":58},"end":{"line":45,"column":70}},"line":45}},"branchMap":{"0":{"loc":{"start":{"line":8,"column":4},"end":{"line":11,"column":5}},"type":"if","locations":[{"start":{"line":8,"column":4},"end":{"line":11,"column":5}},{"start":{},"end":{}}],"line":8},"1":{"loc":{"start":{"line":23,"column":2},"end":{"line":25,"column":3}},"type":"if","locations":[{"start":{"line":23,"column":2},"end":{"line":25,"column":3}},{"start":{},"end":{}}],"line":23},"2":{"loc":{"start":{"line":23,"column":6},"end":{"line":23,"column":28}},"type":"binary-expr","locations":[{"start":{"line":23,"column":6},"end":{"line":23,"column":12}},{"start":{"line":23,"column":16},"end":{"line":23,"column":28}}],"line":23},"3":{"loc":{"start":{"line":33,"column":4},"end":{"line":36,"column":5}},"type":"if","locations":[{"start":{"line":33,"column":4},"end":{"line":36,"column":5}},{"start":{},"end":{}}],"line":33},"4":{"loc":{"start":{"line":38,"column":4},"end":{"line":40,"column":5}},"type":"if","locations":[{"start":{"line":38,"column":4},"end":{"line":40,"column":5}},{"start":{},"end":{}}],"line":38}},"s":{"0":2,"1":2,"2":2,"3":2,"4":2,"5":1,"6":1,"7":1,"8":2,"9":4,"10":4,"11":1,"12":3,"13":3,"14":3,"15":1,"16":1,"17":2,"18":1,"19":1,"20":1,"21":1,"22":3,"23":1,"24":1,"25":2},"f":{"0":2,"1":2,"2":4,"3":3,"4":3},"b":{"0":[1,1],"1":[1,3],"2":[4,4],"3":[1,2],"4":[1,1]},"_coverageSchema":"1a1c01bbd47fc00a2c39e90264f33305004495a9","hash":"094338efc24b9555e4583b8508fbdfb200dac51f"}
,"C:\\Users\\Swaroop.Bidkar\\Desktop\\New folder (3)\\SOW\\Backend\\controllers\\notificationController.js": {"path":"C:\\Users\\Swaroop.Bidkar\\Desktop\\New folder (3)\\SOW\\Backend\\controllers\\notificationController.js","statementMap":{"0":{"start":{"line":1,"column":11},"end":{"line":1,"column":34}},"1":{"start":{"line":2,"column":20},"end":{"line":2,"column":46}},"2":{"start":{"line":3,"column":15},"end":{"line":3,"column":32}},"3":{"start":{"line":5,"column":0},"end":{"line":11,"column":2}},"4":{"start":{"line":6,"column":20},"end":{"line":6,"column":30}},"5":{"start":{"line":7,"column":2},"end":{"line":10,"column":5}},"6":{"start":{"line":8,"column":4},"end":{"line":8,"column":84}},"7":{"start":{"line":8,"column":13},"end":{"line":8,"column":84}},"8":{"start":{"line":9,"column":4},"end":{"line":9,"column":21}},"9":{"start":{"line":116,"column":0},"end":{"line":184,"column":2}},"10":{"start":{"line":117,"column":16},"end":{"line":117,"column":54}},"11":{"start":{"line":118,"column":2},"end":{"line":118,"column":56}},"12":{"start":{"line":120,"column":2},"end":{"line":183,"column":4}},"13":{"start":{"line":133,"column":6},"end":{"line":133,"column":73}},"14":{"start":{"line":133,"column":15},"end":{"line":133,"column":73}},"15":{"start":{"line":135,"column":6},"end":{"line":138,"column":7}},"16":{"start":{"line":136,"column":8},"end":{"line":136,"column":55}},"17":{"start":{"line":137,"column":8},"end":{"line":137,"column":15}},"18":{"start":{"line":140,"column":6},"end":{"line":181,"column":9}},"19":{"start":{"line":141,"column":8},"end":{"line":141,"column":79}},"20":{"start":{"line":144,"column":33},"end":{"line":144,"column":83}},"21":{"start":{"line":146,"column":28},"end":{"line":165,"column":9}},"22":{"start":{"line":167,"column":8},"end":{"line":180,"column":11}},"23":{"start":{"line":168,"column":28},"end":{"line":168,"column":51}},"24":{"start":{"line":170,"column":10},"end":{"line":174,"column":11}},"25":{"start":{"line":171,"column":12},"end":{"line":171,"column":106}},"26":{"start":{"line":173,"column":12},"end":{"line":173,"column":75}},"27":{"start":{"line":176,"column":10},"end":{"line":179,"column":12}},"28":{"start":{"line":188,"column":0},"end":{"line":224,"column":2}},"29":{"start":{"line":189,"column":2},"end":{"line":223,"column":3}},"30":{"start":{"line":190,"column":4},"end":{"line":190,"column":47}},"31":{"start":{"line":191,"column":4},"end":{"line":191,"column":43}},"32":{"start":{"line":192,"column":4},"end":{"line":192,"column":39}},"33":{"start":{"line":194,"column":22},"end":{"line":194,"column":24}},"34":{"start":{"line":195,"column":26},"end":{"line":195,"column":72}},"35":{"start":{"line":196,"column":27},"end":{"line":196,"column":72}},"36":{"start":{"line":197,"column":26},"end":{"line":197,"column":72}},"37":{"start":{"line":198,"column":27},"end":{"line":198,"column":72}},"38":{"start":{"line":199,"column":26},"end":{"line":199,"column":72}},"39":{"start":{"line":201,"column":4},"end":{"line":207,"column":6}},"40":{"start":{"line":209,"column":24},"end":{"line":212,"column":5}},"41":{"start":{"line":214,"column":4},"end":{"line":220,"column":7}},"42":{"start":{"line":215,"column":6},"end":{"line":219,"column":7}},"43":{"start":{"line":216,"column":8},"end":{"line":216,"column":73}},"44":{"start":{"line":218,"column":8},"end":{"line":218,"column":61}},"45":{"start":{"line":222,"column":4},"end":{"line":222,"column":66}}},"fnMap":{"0":{"name":"(anonymous_0)","decl":{"start":{"line":5,"column":32},"end":{"line":5,"column":33}},"loc":{"start":{"line":5,"column":46},"end":{"line":11,"column":1}},"line":5},"1":{"name":"(anonymous_1)","decl":{"start":{"line":7,"column":68},"end":{"line":7,"column":69}},"loc":{"start":{"line":7,"column":85},"end":{"line":10,"column":3}},"line":7},"2":{"name":"(anonymous_2)","decl":{"start":{"line":116,"column":28},"end":{"line":116,"column":29}},"loc":{"start":{"line":116,"column":34},"end":{"line":184,"column":1}},"line":116},"3":{"name":"(anonymous_3)","decl":{"start":{"line":132,"column":4},"end":{"line":132,"column":5}},"loc":{"start":{"line":132,"column":28},"end":{"line":182,"column":5}},"line":132},"4":{"name":"(anonymous_4)","decl":{"start":{"line":140,"column":28},"end":{"line":140,"column":29}},"loc":{"start":{"line":140,"column":46},"end":{"line":181,"column":7}},"line":140},"5":{"name":"(anonymous_5)","decl":{"start":{"line":167,"column":42},"end":{"line":167,"column":43}},"loc":{"start":{"line":167,"column":57},"end":{"line":180,"column":9}},"line":167},"6":{"name":"generateNotifications","decl":{"start":{"line":188,"column":47},"end":{"line":188,"column":68}},"loc":{"start":{"line":188,"column":99},"end":{"line":224,"column":1}},"line":188},"7":{"name":"(anonymous_7)","decl":{"start":{"line":214,"column":39},"end":{"line":214,"column":40}},"loc":{"start":{"line":214,"column":56},"end":{"line":220,"column":5}},"line":214}},"branchMap":{"0":{"loc":{"start":{"line":8,"column":4},"end":{"line":8,"column":84}},"type":"if","locations":[{"start":{"line":8,"column":4},"end":{"line":8,"column":84}},{"start":{},"end":{}}],"line":8},"1":{"loc":{"start":{"line":133,"column":6},"end":{"line":133,"column":73}},"type":"if","locations":[{"start":{"line":133,"column":6},"end":{"line":133,"column":73}},{"start":{},"end":{}}],"line":133},"2":{"loc":{"start":{"line":135,"column":6},"end":{"line":138,"column":7}},"type":"if","locations":[{"start":{"line":135,"column":6},"end":{"line":138,"column":7}},{"start":{},"end":{}}],"line":135},"3":{"loc":{"start":{"line":168,"column":28},"end":{"line":168,"column":51}},"type":"cond-expr","locations":[{"start":{"line":168,"column":34},"end":{"line":168,"column":42}},{"start":{"line":168,"column":45},"end":{"line":168,"column":51}}],"line":168},"4":{"loc":{"start":{"line":170,"column":10},"end":{"line":174,"column":11}},"type":"if","locations":[{"start":{"line":170,"column":10},"end":{"line":174,"column":11}},{"start":{"line":172,"column":17},"end":{"line":174,"column":11}}],"line":170},"5":{"loc":{"start":{"line":215,"column":6},"end":{"line":219,"column":7}},"type":"if","locations":[{"start":{"line":215,"column":6},"end":{"line":219,"column":7}},{"start":{"line":217,"column":13},"end":{"line":219,"column":7}}],"line":215}},"s":{"0":2,"1":2,"2":2,"3":2,"4":1,"5":1,"6":1,"7":0,"8":1,"9":2,"10":1,"11":1,"12":1,"13":1,"14":0,"15":1,"16":0,"17":0,"18":1,"19":1,"20":1,"21":1,"22":1,"23":1,"24":1,"25":0,"26":1,"27":1,"28":2,"29":1,"30":1,"31":1,"32":1,"33":1,"34":1,"35":1,"36":1,"37":1,"38":1,"39":1,"40":1,"41":1,"42":1,"43":0,"44":1,"45":0},"f":{"0":1,"1":1,"2":1,"3":1,"4":1,"5":1,"6":1,"7":1},"b":{"0":[0,1],"1":[0,1],"2":[0,1],"3":[0,1],"4":[0,1],"5":[0,1]},"_coverageSchema":"1a1c01bbd47fc00a2c39e90264f33305004495a9","hash":"235a20b9e45d063b8f2c3167438f76e9797b57bc"}
,"C:\\Users\\Swaroop.Bidkar\\Desktop\\New folder (3)\\SOW\\Backend\\controllers\\sowController.js": {"path":"C:\\Users\\Swaroop.Bidkar\\Desktop\\New folder (3)\\SOW\\Backend\\controllers\\sowController.js","statementMap":{"0":{"start":{"line":1,"column":11},"end":{"line":1,"column":34}},"1":{"start":{"line":3,"column":11},"end":{"line":3,"column":24}},"2":{"start":{"line":4,"column":28},"end":{"line":4,"column":57}},"3":{"start":{"line":5,"column":34},"end":{"line":5,"column":82}},"4":{"start":{"line":8,"column":0},"end":{"line":96,"column":2}},"5":{"start":{"line":9,"column":2},"end":{"line":95,"column":3}},"6":{"start":{"line":10,"column":73},"end":{"line":10,"column":81}},"7":{"start":{"line":11,"column":16},"end":{"line":11,"column":17}},"8":{"start":{"line":14,"column":4},"end":{"line":16,"column":5}},"9":{"start":{"line":15,"column":6},"end":{"line":15,"column":73}},"10":{"start":{"line":18,"column":21},"end":{"line":18,"column":35}},"11":{"start":{"line":20,"column":4},"end":{"line":22,"column":5}},"12":{"start":{"line":21,"column":6},"end":{"line":21,"column":70}},"13":{"start":{"line":25,"column":35},"end":{"line":25,"column":70}},"14":{"start":{"line":27,"column":4},"end":{"line":30,"column":5}},"15":{"start":{"line":28,"column":6},"end":{"line":28,"column":30}},"16":{"start":{"line":29,"column":6},"end":{"line":29,"column":82}},"17":{"start":{"line":33,"column":24},"end":{"line":33,"column":89}},"18":{"start":{"line":34,"column":4},"end":{"line":39,"column":7}},"19":{"start":{"line":35,"column":6},"end":{"line":38,"column":7}},"20":{"start":{"line":36,"column":8},"end":{"line":36,"column":46}},"21":{"start":{"line":37,"column":8},"end":{"line":37,"column":81}},"22":{"start":{"line":42,"column":18},"end":{"line":48,"column":5}},"23":{"start":{"line":49,"column":19},"end":{"line":59,"column":5}},"24":{"start":{"line":61,"column":4},"end":{"line":81,"column":7}},"25":{"start":{"line":62,"column":6},"end":{"line":68,"column":7}},"26":{"start":{"line":63,"column":8},"end":{"line":63,"column":46}},"27":{"start":{"line":64,"column":8},"end":{"line":64,"column":32}},"28":{"start":{"line":65,"column":8},"end":{"line":65,"column":86}},"29":{"start":{"line":67,"column":8},"end":{"line":67,"column":32}},"30":{"start":{"line":71,"column":6},"end":{"line":71,"column":30}},"31":{"start":{"line":74,"column":6},"end":{"line":74,"column":55}},"32":{"start":{"line":76,"column":6},"end":{"line":80,"column":9}},"33":{"start":{"line":83,"column":4},"end":{"line":83,"column":49}},"34":{"start":{"line":86,"column":4},"end":{"line":92,"column":5}},"35":{"start":{"line":87,"column":6},"end":{"line":91,"column":7}},"36":{"start":{"line":88,"column":8},"end":{"line":88,"column":37}},"37":{"start":{"line":90,"column":8},"end":{"line":90,"column":60}},"38":{"start":{"line":94,"column":4},"end":{"line":94,"column":62}},"39":{"start":{"line":171,"column":0},"end":{"line":247,"column":2}},"40":{"start":{"line":172,"column":2},"end":{"line":246,"column":3}},"41":{"start":{"line":179,"column":8},"end":{"line":179,"column":16}},"42":{"start":{"line":181,"column":4},"end":{"line":183,"column":5}},"43":{"start":{"line":182,"column":6},"end":{"line":182,"column":67}},"44":{"start":{"line":185,"column":4},"end":{"line":187,"column":5}},"45":{"start":{"line":186,"column":6},"end":{"line":186,"column":80}},"46":{"start":{"line":189,"column":21},"end":{"line":189,"column":35}},"47":{"start":{"line":190,"column":4},"end":{"line":192,"column":5}},"48":{"start":{"line":191,"column":6},"end":{"line":191,"column":70}},"49":{"start":{"line":195,"column":35},"end":{"line":195,"column":70}},"50":{"start":{"line":198,"column":18},"end":{"line":205,"column":5}},"51":{"start":{"line":207,"column":19},"end":{"line":217,"column":5}},"52":{"start":{"line":219,"column":4},"end":{"line":233,"column":7}},"53":{"start":{"line":220,"column":6},"end":{"line":220,"column":30}},"54":{"start":{"line":222,"column":6},"end":{"line":225,"column":7}},"55":{"start":{"line":223,"column":8},"end":{"line":223,"column":40}},"56":{"start":{"line":224,"column":8},"end":{"line":224,"column":85}},"57":{"start":{"line":227,"column":6},"end":{"line":232,"column":9}},"58":{"start":{"line":235,"column":4},"end":{"line":235,"column":52}},"59":{"start":{"line":237,"column":4},"end":{"line":243,"column":5}},"60":{"start":{"line":238,"column":6},"end":{"line":242,"column":7}},"61":{"start":{"line":239,"column":8},"end":{"line":239,"column":37}},"62":{"start":{"line":241,"column":8},"end":{"line":241,"column":51}},"63":{"start":{"line":245,"column":4},"end":{"line":245,"column":62}},"64":{"start":{"line":298,"column":0},"end":{"line":312,"column":2}},"65":{"start":{"line":299,"column":16},"end":{"line":303,"column":3}},"66":{"start":{"line":305,"column":2},"end":{"line":311,"column":5}},"67":{"start":{"line":306,"column":4},"end":{"line":309,"column":5}},"68":{"start":{"line":307,"column":6},"end":{"line":307,"column":62}},"69":{"start":{"line":308,"column":6},"end":{"line":308,"column":59}},"70":{"start":{"line":310,"column":4},"end":{"line":310,"column":22}},"71":{"start":{"line":315,"column":0},"end":{"line":348,"column":1}},"72":{"start":{"line":316,"column":20},"end":{"line":316,"column":30}},"73":{"start":{"line":318,"column":16},"end":{"line":338,"column":3}},"74":{"start":{"line":340,"column":2},"end":{"line":347,"column":4}},"75":{"start":{"line":341,"column":4},"end":{"line":344,"column":5}},"76":{"start":{"line":342,"column":6},"end":{"line":342,"column":53}},"77":{"start":{"line":343,"column":6},"end":{"line":343,"column":69}},"78":{"start":{"line":346,"column":4},"end":{"line":346,"column":33}}},"fnMap":{"0":{"name":"(anonymous_0)","decl":{"start":{"line":8,"column":20},"end":{"line":8,"column":21}},"loc":{"start":{"line":8,"column":40},"end":{"line":96,"column":1}},"line":8},"1":{"name":"(anonymous_1)","decl":{"start":{"line":34,"column":41},"end":{"line":34,"column":42}},"loc":{"start":{"line":34,"column":50},"end":{"line":39,"column":5}},"line":34},"2":{"name":"(anonymous_2)","decl":{"start":{"line":61,"column":28},"end":{"line":61,"column":29}},"loc":{"start":{"line":61,"column":45},"end":{"line":81,"column":5}},"line":61},"3":{"name":"(anonymous_3)","decl":{"start":{"line":171,"column":25},"end":{"line":171,"column":26}},"loc":{"start":{"line":171,"column":45},"end":{"line":247,"column":1}},"line":171},"4":{"name":"(anonymous_4)","decl":{"start":{"line":219,"column":28},"end":{"line":219,"column":29}},"loc":{"start":{"line":219,"column":45},"end":{"line":233,"column":5}},"line":219},"5":{"name":"(anonymous_5)","decl":{"start":{"line":298,"column":30},"end":{"line":298,"column":31}},"loc":{"start":{"line":298,"column":44},"end":{"line":312,"column":1}},"line":298},"6":{"name":"(anonymous_6)","decl":{"start":{"line":305,"column":18},"end":{"line":305,"column":19}},"loc":{"start":{"line":305,"column":36},"end":{"line":311,"column":3}},"line":305},"7":{"name":"(anonymous_7)","decl":{"start":{"line":315,"column":30},"end":{"line":315,"column":31}},"loc":{"start":{"line":315,"column":44},"end":{"line":348,"column":1}},"line":315},"8":{"name":"(anonymous_8)","decl":{"start":{"line":340,"column":27},"end":{"line":340,"column":28}},"loc":{"start":{"line":340,"column":45},"end":{"line":347,"column":3}},"line":340}},"branchMap":{"0":{"loc":{"start":{"line":14,"column":4},"end":{"line":16,"column":5}},"type":"if","locations":[{"start":{"line":14,"column":4},"end":{"line":16,"column":5}},{"start":{},"end":{}}],"line":14},"1":{"loc":{"start":{"line":14,"column":8},"end":{"line":14,"column":74}},"type":"binary-expr","locations":[{"start":{"line":14,"column":8},"end":{"line":14,"column":20}},{"start":{"line":14,"column":24},"end":{"line":14,"column":37}},{"start":{"line":14,"column":41},"end":{"line":14,"column":54}},{"start":{"line":14,"column":58},"end":{"line":14,"column":74}}],"line":14},"2":{"loc":{"start":{"line":20,"column":4},"end":{"line":22,"column":5}},"type":"if","locations":[{"start":{"line":20,"column":4},"end":{"line":22,"column":5}},{"start":{},"end":{}}],"line":20},"3":{"loc":{"start":{"line":27,"column":4},"end":{"line":30,"column":5}},"type":"if","locations":[{"start":{"line":27,"column":4},"end":{"line":30,"column":5}},{"start":{},"end":{}}],"line":27},"4":{"loc":{"start":{"line":27,"column":8},"end":{"line":27,"column":30}},"type":"binary-expr","locations":[{"start":{"line":27,"column":8},"end":{"line":27,"column":18}},{"start":{"line":27,"column":22},"end":{"line":27,"column":30}}],"line":27},"5":{"loc":{"start":{"line":35,"column":6},"end":{"line":38,"column":7}},"type":"if","locations":[{"start":{"line":35,"column":6},"end":{"line":38,"column":7}},{"start":{},"end":{}}],"line":35},"6":{"loc":{"start":{"line":62,"column":6},"end":{"line":68,"column":7}},"type":"if","locations":[{"start":{"line":62,"column":6},"end":{"line":68,"column":7}},{"start":{"line":66,"column":13},"end":{"line":68,"column":7}}],"line":62},"7":{"loc":{"start":{"line":86,"column":4},"end":{"line":92,"column":5}},"type":"if","locations":[{"start":{"line":86,"column":4},"end":{"line":92,"column":5}},{"start":{},"end":{}}],"line":86},"8":{"loc":{"start":{"line":181,"column":4},"end":{"line":183,"column":5}},"type":"if","locations":[{"start":{"line":181,"column":4},"end":{"line":183,"column":5}},{"start":{},"end":{}}],"line":181},"9":{"loc":{"start":{"line":185,"column":4},"end":{"line":187,"column":5}},"type":"if","locations":[{"start":{"line":185,"column":4},"end":{"line":187,"column":5}},{"start":{},"end":{}}],"line":185},"10":{"loc":{"start":{"line":185,"column":8},"end":{"line":185,"column":78}},"type":"binary-expr","locations":[{"start":{"line":185,"column":8},"end":{"line":185,"column":21}},{"start":{"line":185,"column":25},"end":{"line":185,"column":78}}],"line":185},"11":{"loc":{"start":{"line":190,"column":4},"end":{"line":192,"column":5}},"type":"if","locations":[{"start":{"line":190,"column":4},"end":{"line":192,"column":5}},{"start":{},"end":{}}],"line":190},"12":{"loc":{"start":{"line":211,"column":6},"end":{"line":211,"column":23}},"type":"binary-expr","locations":[{"start":{"line":211,"column":6},"end":{"line":211,"column":15}},{"start":{"line":211,"column":19},"end":{"line":211,"column":23}}],"line":211},"13":{"loc":{"start":{"line":212,"column":6},"end":{"line":212,"column":21}},"type":"binary-expr","locations":[{"start":{"line":212,"column":6},"end":{"line":212,"column":13}},{"start":{"line":212,"column":17},"end":{"line":212,"column":21}}],"line":212},"14":{"loc":{"start":{"line":213,"column":6},"end":{"line":213,"column":26}},"type":"binary-expr","locations":[{"start":{"line":213,"column":6},"end":{"line":213,"column":18}},{"start":{"line":213,"column":22},"end":{"line":213,"column":26}}],"line":213},"15":{"loc":{"start":{"line":214,"column":6},"end":{"line":214,"column":26}},"type":"binary-expr","locations":[{"start":{"line":214,"column":6},"end":{"line":214,"column":18}},{"start":{"line":214,"column":22},"end":{"line":214,"column":26}}],"line":214},"16":{"loc":{"start":{"line":215,"column":6},"end":{"line":215,"column":29}},"type":"binary-expr","locations":[{"start":{"line":215,"column":6},"end":{"line":215,"column":21}},{"start":{"line":215,"column":25},"end":{"line":215,"column":29}}],"line":215},"17":{"loc":{"start":{"line":222,"column":6},"end":{"line":225,"column":7}},"type":"if","locations":[{"start":{"line":222,"column":6},"end":{"line":225,"column":7}},{"start":{},"end":{}}],"line":222},"18":{"loc":{"start":{"line":230,"column":19},"end":{"line":230,"column":65}},"type":"binary-expr","locations":[{"start":{"line":230,"column":19},"end":{"line":230,"column":57}},{"start":{"line":230,"column":61},"end":{"line":230,"column":65}}],"line":230},"19":{"loc":{"start":{"line":231,"column":17},"end":{"line":231,"column":61}},"type":"binary-expr","locations":[{"start":{"line":231,"column":17},"end":{"line":231,"column":53}},{"start":{"line":231,"column":57},"end":{"line":231,"column":61}}],"line":231},"20":{"loc":{"start":{"line":237,"column":4},"end":{"line":243,"column":5}},"type":"if","locations":[{"start":{"line":237,"column":4},"end":{"line":243,"column":5}},{"start":{},"end":{}}],"line":237},"21":{"loc":{"start":{"line":306,"column":4},"end":{"line":309,"column":5}},"type":"if","locations":[{"start":{"line":306,"column":4},"end":{"line":309,"column":5}},{"start":{},"end":{}}],"line":306},"22":{"loc":{"start":{"line":341,"column":4},"end":{"line":344,"column":5}},"type":"if","locations":[{"start":{"line":341,"column":4},"end":{"line":344,"column":5}},{"start":{},"end":{}}],"line":341}},"s":{"0":1,"1":1,"2":1,"3":1,"4":1,"5":0,"6":0,"7":0,"8":0,"9":0,"10":0,"11":0,"12":0,"13":0,"14":0,"15":0,"16":0,"17":0,"18":0,"19":0,"20":0,"21":0,"22":0,"23":0,"24":0,"25":0,"26":0,"27":0,"28":0,"29":0,"30":0,"31":0,"32":0,"33":0,"34":0,"35":0,"36":0,"37":0,"38":0,"39":1,"40":0,"41":0,"42":0,"43":0,"44":0,"45":0,"46":0,"47":0,"48":0,"49":0,"50":0,"51":0,"52":0,"53":0,"54":0,"55":0,"56":0,"57":0,"58":0,"59":0,"60":0,"61":0,"62":0,"63":0,"64":1,"65":0,"66":0,"67":0,"68":0,"69":0,"70":0,"71":1,"72":0,"73":0,"74":0,"75":0,"76":0,"77":0,"78":0},"f":{"0":0,"1":0,"2":0,"3":0,"4":0,"5":0,"6":0,"7":0,"8":0},"b":{"0":[0,0],"1":[0,0,0,0],"2":[0,0],"3":[0,0],"4":[0,0],"5":[0,0],"6":[0,0],"7":[0,0],"8":[0,0],"9":[0,0],"10":[0,0],"11":[0,0],"12":[0,0],"13":[0,0],"14":[0,0],"15":[0,0],"16":[0,0],"17":[0,0],"18":[0,0],"19":[0,0],"20":[0,0],"21":[0,0],"22":[0,0]},"_coverageSchema":"1a1c01bbd47fc00a2c39e90264f33305004495a9","hash":"a5503ed08b451f2ac408eaf24d1b128351e4f46e"}
,"C:\\Users\\Swaroop.Bidkar\\Desktop\\New folder (3)\\SOW\\Backend\\controllers\\sowStatusController.js": {"path":"C:\\Users\\Swaroop.Bidkar\\Desktop\\New folder (3)\\SOW\\Backend\\controllers\\sowStatusController.js","statementMap":{"0":{"start":{"line":70,"column":11},"end":{"line":70,"column":34}},"1":{"start":{"line":71,"column":14},"end":{"line":71,"column":30}},"2":{"start":{"line":73,"column":24},"end":{"line":170,"column":1}},"3":{"start":{"line":74,"column":16},"end":{"line":74,"column":23}},"4":{"start":{"line":77,"column":2},"end":{"line":169,"column":5}},"5":{"start":{"line":78,"column":4},"end":{"line":81,"column":5}},"6":{"start":{"line":79,"column":6},"end":{"line":79,"column":54}},"7":{"start":{"line":83,"column":30},"end":{"line":83,"column":32}},"8":{"start":{"line":85,"column":4},"end":{"line":113,"column":7}},"9":{"start":{"line":86,"column":48},"end":{"line":86,"column":51}},"10":{"start":{"line":87,"column":18},"end":{"line":87,"column":51}},"11":{"start":{"line":89,"column":19},"end":{"line":89,"column":20}},"12":{"start":{"line":91,"column":6},"end":{"line":95,"column":7}},"13":{"start":{"line":92,"column":8},"end":{"line":92,"column":19}},"14":{"start":{"line":93,"column":13},"end":{"line":95,"column":7}},"15":{"start":{"line":94,"column":8},"end":{"line":94,"column":19}},"16":{"start":{"line":98,"column":6},"end":{"line":100,"column":7}},"17":{"start":{"line":99,"column":8},"end":{"line":99,"column":39}},"18":{"start":{"line":101,"column":6},"end":{"line":101,"column":45}},"19":{"start":{"line":104,"column":6},"end":{"line":112,"column":8}},"20":{"start":{"line":108,"column":10},"end":{"line":110,"column":11}},"21":{"start":{"line":109,"column":12},"end":{"line":109,"column":76}},"22":{"start":{"line":116,"column":4},"end":{"line":168,"column":7}},"23":{"start":{"line":117,"column":6},"end":{"line":120,"column":7}},"24":{"start":{"line":118,"column":8},"end":{"line":118,"column":51}},"25":{"start":{"line":122,"column":6},"end":{"line":164,"column":9}},"26":{"start":{"line":123,"column":49},"end":{"line":123,"column":52}},"27":{"start":{"line":124,"column":21},"end":{"line":124,"column":22}},"28":{"start":{"line":125,"column":27},"end":{"line":125,"column":35}},"29":{"start":{"line":127,"column":33},"end":{"line":127,"column":58}},"30":{"start":{"line":129,"column":8},"end":{"line":152,"column":9}},"31":{"start":{"line":131,"column":22},"end":{"line":131,"column":55}},"32":{"start":{"line":133,"column":10},"end":{"line":139,"column":11}},"33":{"start":{"line":134,"column":12},"end":{"line":134,"column":23}},"34":{"start":{"line":135,"column":12},"end":{"line":135,"column":38}},"35":{"start":{"line":136,"column":17},"end":{"line":139,"column":11}},"36":{"start":{"line":137,"column":12},"end":{"line":137,"column":23}},"37":{"start":{"line":138,"column":12},"end":{"line":138,"column":39}},"38":{"start":{"line":142,"column":10},"end":{"line":151,"column":11}},"39":{"start":{"line":143,"column":12},"end":{"line":143,"column":23}},"40":{"start":{"line":144,"column":12},"end":{"line":144,"column":36}},"41":{"start":{"line":145,"column":17},"end":{"line":151,"column":11}},"42":{"start":{"line":146,"column":12},"end":{"line":146,"column":23}},"43":{"start":{"line":147,"column":12},"end":{"line":147,"column":39}},"44":{"start":{"line":149,"column":12},"end":{"line":149,"column":23}},"45":{"start":{"line":150,"column":12},"end":{"line":150,"column":38}},"46":{"start":{"line":155,"column":8},"end":{"line":163,"column":10}},"47":{"start":{"line":159,"column":12},"end":{"line":161,"column":13}},"48":{"start":{"line":160,"column":14},"end":{"line":160,"column":68}},"49":{"start":{"line":166,"column":6},"end":{"line":166,"column":58}},"50":{"start":{"line":172,"column":0},"end":{"line":172,"column":37}}},"fnMap":{"0":{"name":"(anonymous_0)","decl":{"start":{"line":73,"column":24},"end":{"line":73,"column":25}},"loc":{"start":{"line":73,"column":38},"end":{"line":170,"column":1}},"line":73},"1":{"name":"(anonymous_1)","decl":{"start":{"line":77,"column":77},"end":{"line":77,"column":78}},"loc":{"start":{"line":77,"column":97},"end":{"line":169,"column":3}},"line":77},"2":{"name":"(anonymous_2)","decl":{"start":{"line":85,"column":22},"end":{"line":85,"column":23}},"loc":{"start":{"line":85,"column":29},"end":{"line":113,"column":5}},"line":85},"3":{"name":"(anonymous_3)","decl":{"start":{"line":107,"column":8},"end":{"line":107,"column":9}},"loc":{"start":{"line":107,"column":17},"end":{"line":111,"column":9}},"line":107},"4":{"name":"(anonymous_4)","decl":{"start":{"line":116,"column":61},"end":{"line":116,"column":62}},"loc":{"start":{"line":116,"column":79},"end":{"line":168,"column":5}},"line":116},"5":{"name":"(anonymous_5)","decl":{"start":{"line":122,"column":22},"end":{"line":122,"column":23}},"loc":{"start":{"line":122,"column":29},"end":{"line":164,"column":7}},"line":122},"6":{"name":"(anonymous_6)","decl":{"start":{"line":158,"column":10},"end":{"line":158,"column":11}},"loc":{"start":{"line":158,"column":19},"end":{"line":162,"column":11}},"line":158}},"branchMap":{"0":{"loc":{"start":{"line":78,"column":4},"end":{"line":81,"column":5}},"type":"if","locations":[{"start":{"line":78,"column":4},"end":{"line":81,"column":5}},{"start":{},"end":{}}],"line":78},"1":{"loc":{"start":{"line":87,"column":18},"end":{"line":87,"column":51}},"type":"cond-expr","locations":[{"start":{"line":87,"column":29},"end":{"line":87,"column":44}},{"start":{"line":87,"column":47},"end":{"line":87,"column":51}}],"line":87},"2":{"loc":{"start":{"line":91,"column":6},"end":{"line":95,"column":7}},"type":"if","locations":[{"start":{"line":91,"column":6},"end":{"line":95,"column":7}},{"start":{"line":93,"column":13},"end":{"line":95,"column":7}}],"line":91},"3":{"loc":{"start":{"line":91,"column":10},"end":{"line":91,"column":36}},"type":"binary-expr","locations":[{"start":{"line":91,"column":10},"end":{"line":91,"column":14}},{"start":{"line":91,"column":18},"end":{"line":91,"column":36}}],"line":91},"4":{"loc":{"start":{"line":93,"column":13},"end":{"line":95,"column":7}},"type":"if","locations":[{"start":{"line":93,"column":13},"end":{"line":95,"column":7}},{"start":{},"end":{}}],"line":93},"5":{"loc":{"start":{"line":98,"column":6},"end":{"line":100,"column":7}},"type":"if","locations":[{"start":{"line":98,"column":6},"end":{"line":100,"column":7}},{"start":{},"end":{}}],"line":98},"6":{"loc":{"start":{"line":108,"column":10},"end":{"line":110,"column":11}},"type":"if","locations":[{"start":{"line":108,"column":10},"end":{"line":110,"column":11}},{"start":{},"end":{}}],"line":108},"7":{"loc":{"start":{"line":117,"column":6},"end":{"line":120,"column":7}},"type":"if","locations":[{"start":{"line":117,"column":6},"end":{"line":120,"column":7}},{"start":{},"end":{}}],"line":117},"8":{"loc":{"start":{"line":129,"column":8},"end":{"line":152,"column":9}},"type":"if","locations":[{"start":{"line":129,"column":8},"end":{"line":152,"column":9}},{"start":{"line":140,"column":15},"end":{"line":152,"column":9}}],"line":129},"9":{"loc":{"start":{"line":129,"column":12},"end":{"line":129,"column":62}},"type":"binary-expr","locations":[{"start":{"line":129,"column":12},"end":{"line":129,"column":29}},{"start":{"line":129,"column":33},"end":{"line":129,"column":62}}],"line":129},"10":{"loc":{"start":{"line":131,"column":22},"end":{"line":131,"column":55}},"type":"cond-expr","locations":[{"start":{"line":131,"column":33},"end":{"line":131,"column":48}},{"start":{"line":131,"column":51},"end":{"line":131,"column":55}}],"line":131},"11":{"loc":{"start":{"line":133,"column":10},"end":{"line":139,"column":11}},"type":"if","locations":[{"start":{"line":133,"column":10},"end":{"line":139,"column":11}},{"start":{"line":136,"column":17},"end":{"line":139,"column":11}}],"line":133},"12":{"loc":{"start":{"line":133,"column":14},"end":{"line":133,"column":40}},"type":"binary-expr","locations":[{"start":{"line":133,"column":14},"end":{"line":133,"column":18}},{"start":{"line":133,"column":22},"end":{"line":133,"column":40}}],"line":133},"13":{"loc":{"start":{"line":136,"column":17},"end":{"line":139,"column":11}},"type":"if","locations":[{"start":{"line":136,"column":17},"end":{"line":139,"column":11}},{"start":{},"end":{}}],"line":136},"14":{"loc":{"start":{"line":142,"column":10},"end":{"line":151,"column":11}},"type":"if","locations":[{"start":{"line":142,"column":10},"end":{"line":151,"column":11}},{"start":{"line":145,"column":17},"end":{"line":151,"column":11}}],"line":142},"15":{"loc":{"start":{"line":145,"column":17},"end":{"line":151,"column":11}},"type":"if","locations":[{"start":{"line":145,"column":17},"end":{"line":151,"column":11}},{"start":{"line":148,"column":17},"end":{"line":151,"column":11}}],"line":145},"16":{"loc":{"start":{"line":159,"column":12},"end":{"line":161,"column":13}},"type":"if","locations":[{"start":{"line":159,"column":12},"end":{"line":161,"column":13}},{"start":{},"end":{}}],"line":159}},"s":{"0":2,"1":2,"2":2,"3":2,"4":2,"5":2,"6":0,"7":2,"8":2,"9":2,"10":2,"11":2,"12":2,"13":0,"14":2,"15":2,"16":2,"17":1,"18":2,"19":2,"20":2,"21":0,"22":2,"23":1,"24":0,"25":1,"26":1,"27":1,"28":1,"29":1,"30":1,"31":0,"32":0,"33":0,"34":0,"35":0,"36":0,"37":0,"38":1,"39":0,"40":0,"41":1,"42":1,"43":1,"44":0,"45":0,"46":1,"47":1,"48":0,"49":1,"50":2},"f":{"0":2,"1":2,"2":2,"3":2,"4":1,"5":1,"6":1},"b":{"0":[0,2],"1":[2,0],"2":[0,2],"3":[2,2],"4":[2,0],"5":[1,1],"6":[0,2],"7":[0,1],"8":[0,1],"9":[1,1],"10":[0,0],"11":[0,0],"12":[0,0],"13":[0,0],"14":[0,1],"15":[1,0],"16":[0,1]},"_coverageSchema":"1a1c01bbd47fc00a2c39e90264f33305004495a9","hash":"81763851e5f61e5180408e477de6156683470182"}
,"C:\\Users\\Swaroop.Bidkar\\Desktop\\New folder (3)\\SOW\\Backend\\controllers\\userController.js": {"path":"C:\\Users\\Swaroop.Bidkar\\Desktop\\New folder (3)\\SOW\\Backend\\controllers\\userController.js","statementMap":{"0":{"start":{"line":31,"column":11},"end":{"line":31,"column":34}},"1":{"start":{"line":32,"column":15},"end":{"line":32,"column":32}},"2":{"start":{"line":33,"column":15},"end":{"line":33,"column":32}},"3":{"start":{"line":35,"column":0},"end":{"line":71,"column":2}},"4":{"start":{"line":36,"column":64},"end":{"line":36,"column":72}},"5":{"start":{"line":39,"column":16},"end":{"line":42,"column":3}},"6":{"start":{"line":44,"column":2},"end":{"line":70,"column":5}},"7":{"start":{"line":45,"column":4},"end":{"line":48,"column":5}},"8":{"start":{"line":46,"column":6},"end":{"line":46,"column":49}},"9":{"start":{"line":47,"column":6},"end":{"line":47,"column":71}},"10":{"start":{"line":50,"column":19},"end":{"line":50,"column":34}},"11":{"start":{"line":53,"column":18},"end":{"line":53,"column":56}},"12":{"start":{"line":54,"column":24},"end":{"line":54,"column":66}},"13":{"start":{"line":57,"column":23},"end":{"line":60,"column":5}},"14":{"start":{"line":62,"column":4},"end":{"line":69,"column":7}},"15":{"start":{"line":63,"column":6},"end":{"line":66,"column":7}},"16":{"start":{"line":64,"column":8},"end":{"line":64,"column":50}},"17":{"start":{"line":65,"column":8},"end":{"line":65,"column":78}},"18":{"start":{"line":68,"column":6},"end":{"line":68,"column":70}}},"fnMap":{"0":{"name":"(anonymous_0)","decl":{"start":{"line":35,"column":21},"end":{"line":35,"column":22}},"loc":{"start":{"line":35,"column":41},"end":{"line":71,"column":1}},"line":35},"1":{"name":"(anonymous_1)","decl":{"start":{"line":44,"column":74},"end":{"line":44,"column":75}},"loc":{"start":{"line":44,"column":91},"end":{"line":70,"column":3}},"line":44},"2":{"name":"(anonymous_2)","decl":{"start":{"line":62,"column":55},"end":{"line":62,"column":56}},"loc":{"start":{"line":62,"column":64},"end":{"line":69,"column":5}},"line":62}},"branchMap":{"0":{"loc":{"start":{"line":45,"column":4},"end":{"line":48,"column":5}},"type":"if","locations":[{"start":{"line":45,"column":4},"end":{"line":48,"column":5}},{"start":{},"end":{}}],"line":45},"1":{"loc":{"start":{"line":63,"column":6},"end":{"line":66,"column":7}},"type":"if","locations":[{"start":{"line":63,"column":6},"end":{"line":66,"column":7}},{"start":{},"end":{}}],"line":63}},"s":{"0":2,"1":2,"2":2,"3":2,"4":3,"5":3,"6":3,"7":3,"8":1,"9":1,"10":2,"11":2,"12":2,"13":2,"14":2,"15":2,"16":1,"17":1,"18":1},"f":{"0":3,"1":3,"2":2},"b":{"0":[1,2],"1":[1,1]},"_coverageSchema":"1a1c01bbd47fc00a2c39e90264f33305004495a9","hash":"cc86bcd3c2407818fd0d8af079688ed14bd17bad"}
,"C:\\Users\\Swaroop.Bidkar\\Desktop\\New folder (3)\\SOW\\Backend\\middleware\\authMiddleware.js": {"path":"C:\\Users\\Swaroop.Bidkar\\Desktop\\New folder (3)\\SOW\\Backend\\middleware\\authMiddleware.js","statementMap":{"0":{"start":{"line":1,"column":12},"end":{"line":1,"column":35}},"1":{"start":{"line":2,"column":19},"end":{"line":2,"column":60}},"2":{"start":{"line":4,"column":0},"end":{"line":16,"column":2}},"3":{"start":{"line":5,"column":21},"end":{"line":5,"column":49}},"4":{"start":{"line":6,"column":16},"end":{"line":6,"column":54}},"5":{"start":{"line":8,"column":2},"end":{"line":8,"column":72}},"6":{"start":{"line":8,"column":14},"end":{"line":8,"column":72}},"7":{"start":{"line":10,"column":2},"end":{"line":15,"column":5}},"8":{"start":{"line":11,"column":4},"end":{"line":11,"column":71}},"9":{"start":{"line":11,"column":13},"end":{"line":11,"column":71}},"10":{"start":{"line":13,"column":4},"end":{"line":13,"column":23}},"11":{"start":{"line":14,"column":4},"end":{"line":14,"column":11}}},"fnMap":{"0":{"name":"(anonymous_0)","decl":{"start":{"line":4,"column":23},"end":{"line":4,"column":24}},"loc":{"start":{"line":4,"column":43},"end":{"line":16,"column":1}},"line":4},"1":{"name":"(anonymous_1)","decl":{"start":{"line":10,"column":32},"end":{"line":10,"column":33}},"loc":{"start":{"line":10,"column":50},"end":{"line":15,"column":3}},"line":10}},"branchMap":{"0":{"loc":{"start":{"line":2,"column":19},"end":{"line":2,"column":60}},"type":"binary-expr","locations":[{"start":{"line":2,"column":19},"end":{"line":2,"column":41}},{"start":{"line":2,"column":45},"end":{"line":2,"column":60}}],"line":2},"1":{"loc":{"start":{"line":6,"column":16},"end":{"line":6,"column":54}},"type":"binary-expr","locations":[{"start":{"line":6,"column":16},"end":{"line":6,"column":26}},{"start":{"line":6,"column":30},"end":{"line":6,"column":54}}],"line":6},"2":{"loc":{"start":{"line":8,"column":2},"end":{"line":8,"column":72}},"type":"if","locations":[{"start":{"line":8,"column":2},"end":{"line":8,"column":72}},{"start":{},"end":{}}],"line":8},"3":{"loc":{"start":{"line":11,"column":4},"end":{"line":11,"column":71}},"type":"if","locations":[{"start":{"line":11,"column":4},"end":{"line":11,"column":71}},{"start":{},"end":{}}],"line":11}},"s":{"0":1,"1":1,"2":1,"3":0,"4":0,"5":0,"6":0,"7":0,"8":0,"9":0,"10":0,"11":0},"f":{"0":0,"1":0},"b":{"0":[1,0],"1":[0,0],"2":[0,0],"3":[0,0]},"_coverageSchema":"1a1c01bbd47fc00a2c39e90264f33305004495a9","hash":"672752b474fd271effe88c040fcdc5ec57a2104f"}
,"C:\\Users\\Swaroop.Bidkar\\Desktop\\New folder (3)\\SOW\\Backend\\middleware\\upload.js": {"path":"C:\\Users\\Swaroop.Bidkar\\Desktop\\New folder (3)\\SOW\\Backend\\middleware\\upload.js","statementMap":{"0":{"start":{"line":1,"column":15},"end":{"line":1,"column":32}},"1":{"start":{"line":3,"column":16},"end":{"line":8,"column":2}},"2":{"start":{"line":6,"column":4},"end":{"line":6,"column":51}},"3":{"start":{"line":10,"column":15},"end":{"line":10,"column":34}},"4":{"start":{"line":12,"column":0},"end":{"line":12,"column":24}}},"fnMap":{"0":{"name":"(anonymous_0)","decl":{"start":{"line":5,"column":12},"end":{"line":5,"column":13}},"loc":{"start":{"line":5,"column":31},"end":{"line":7,"column":3}},"line":5}},"branchMap":{},"s":{"0":1,"1":1,"2":0,"3":1,"4":1},"f":{"0":0},"b":{},"_coverageSchema":"1a1c01bbd47fc00a2c39e90264f33305004495a9","hash":"cccd1bfd00c34932e54d4ef617d63349e8bef932"}
,"C:\\Users\\Swaroop.Bidkar\\Desktop\\New folder (3)\\SOW\\Backend\\routes\\authRoutes.js": {"path":"C:\\Users\\Swaroop.Bidkar\\Desktop\\New folder (3)\\SOW\\Backend\\routes\\authRoutes.js","statementMap":{"0":{"start":{"line":10,"column":16},"end":{"line":10,"column":34}},"1":{"start":{"line":11,"column":15},"end":{"line":11,"column":31}},"2":{"start":{"line":12,"column":46},"end":{"line":12,"column":86}},"3":{"start":{"line":14,"column":0},"end":{"line":14,"column":29}},"4":{"start":{"line":15,"column":0},"end":{"line":15,"column":46}},"5":{"start":{"line":16,"column":0},"end":{"line":16,"column":41}},"6":{"start":{"line":18,"column":0},"end":{"line":18,"column":24}}},"fnMap":{},"branchMap":{},"s":{"0":1,"1":1,"2":1,"3":1,"4":1,"5":1,"6":1},"f":{},"b":{},"_coverageSchema":"1a1c01bbd47fc00a2c39e90264f33305004495a9","hash":"c21c9adc822f1a4c22934950581416bdbb640d17"}
,"C:\\Users\\Swaroop.Bidkar\\Desktop\\New folder (3)\\SOW\\Backend\\routes\\dashboardRoutes.js": {"path":"C:\\Users\\Swaroop.Bidkar\\Desktop\\New folder (3)\\SOW\\Backend\\routes\\dashboardRoutes.js","statementMap":{"0":{"start":{"line":1,"column":16},"end":{"line":1,"column":34}},"1":{"start":{"line":2,"column":15},"end":{"line":2,"column":31}},"2":{"start":{"line":3,"column":28},"end":{"line":3,"column":73}},"3":{"start":{"line":5,"column":20},"end":{"line":5,"column":72}},"4":{"start":{"line":7,"column":0},"end":{"line":7,"column":80}},"5":{"start":{"line":8,"column":0},"end":{"line":8,"column":107}},"6":{"start":{"line":9,"column":0},"end":{"line":9,"column":101}},"7":{"start":{"line":11,"column":0},"end":{"line":11,"column":24}}},"fnMap":{},"branchMap":{},"s":{"0":1,"1":1,"2":1,"3":1,"4":1,"5":1,"6":1,"7":1},"f":{},"b":{},"_coverageSchema":"1a1c01bbd47fc00a2c39e90264f33305004495a9","hash":"532a790275099f988c6d04e053b833256298ee5c"}
,"C:\\Users\\Swaroop.Bidkar\\Desktop\\New folder (3)\\SOW\\Backend\\routes\\dropdownRoutes.js": {"path":"C:\\Users\\Swaroop.Bidkar\\Desktop\\New folder (3)\\SOW\\Backend\\routes\\dropdownRoutes.js","statementMap":{"0":{"start":{"line":1,"column":16},"end":{"line":1,"column":34}},"1":{"start":{"line":2,"column":15},"end":{"line":2,"column":31}},"2":{"start":{"line":3,"column":45},"end":{"line":3,"column":89}},"3":{"start":{"line":6,"column":0},"end":{"line":6,"column":36}},"4":{"start":{"line":7,"column":0},"end":{"line":7,"column":56}},"5":{"start":{"line":8,"column":0},"end":{"line":8,"column":24}}},"fnMap":{},"branchMap":{},"s":{"0":1,"1":1,"2":1,"3":1,"4":1,"5":1},"f":{},"b":{},"_coverageSchema":"1a1c01bbd47fc00a2c39e90264f33305004495a9","hash":"18a9e6c5581377e22bdee41c959c32ec156b069b"}
,"C:\\Users\\Swaroop.Bidkar\\Desktop\\New folder (3)\\SOW\\Backend\\routes\\notificationRoutes.js": {"path":"C:\\Users\\Swaroop.Bidkar\\Desktop\\New folder (3)\\SOW\\Backend\\routes\\notificationRoutes.js","statementMap":{"0":{"start":{"line":1,"column":16},"end":{"line":1,"column":34}},"1":{"start":{"line":2,"column":15},"end":{"line":2,"column":31}},"2":{"start":{"line":3,"column":34},"end":{"line":3,"column":82}},"3":{"start":{"line":5,"column":0},"end":{"line":5,"column":59}},"4":{"start":{"line":7,"column":0},"end":{"line":7,"column":24}}},"fnMap":{},"branchMap":{},"s":{"0":1,"1":1,"2":1,"3":1,"4":1},"f":{},"b":{},"_coverageSchema":"1a1c01bbd47fc00a2c39e90264f33305004495a9","hash":"98360a4e55aa447f6294fff772bae8af46ed6ac6"}
,"C:\\Users\\Swaroop.Bidkar\\Desktop\\New folder (3)\\SOW\\Backend\\routes\\sowRoutes.js": {"path":"C:\\Users\\Swaroop.Bidkar\\Desktop\\New folder (3)\\SOW\\Backend\\routes\\sowRoutes.js","statementMap":{"0":{"start":{"line":1,"column":16},"end":{"line":1,"column":34}},"1":{"start":{"line":2,"column":15},"end":{"line":2,"column":31}},"2":{"start":{"line":3,"column":15},"end":{"line":3,"column":46}},"3":{"start":{"line":4,"column":96},"end":{"line":4,"column":135}},"4":{"start":{"line":6,"column":0},"end":{"line":6,"column":56}},"5":{"start":{"line":8,"column":0},"end":{"line":8,"column":52}},"6":{"start":{"line":10,"column":0},"end":{"line":10,"column":69}},"7":{"start":{"line":11,"column":0},"end":{"line":11,"column":63}},"8":{"start":{"line":13,"column":0},"end":{"line":13,"column":24}}},"fnMap":{},"branchMap":{},"s":{"0":1,"1":1,"2":1,"3":1,"4":1,"5":1,"6":1,"7":1,"8":1},"f":{},"b":{},"_coverageSchema":"1a1c01bbd47fc00a2c39e90264f33305004495a9","hash":"f897d913756c3e41192876c7e3d3056e895eb942"}
,"C:\\Users\\Swaroop.Bidkar\\Desktop\\New folder (3)\\SOW\\Backend\\routes\\userRoutes.js": {"path":"C:\\Users\\Swaroop.Bidkar\\Desktop\\New folder (3)\\SOW\\Backend\\routes\\userRoutes.js","statementMap":{"0":{"start":{"line":1,"column":16},"end":{"line":1,"column":34}},"1":{"start":{"line":2,"column":15},"end":{"line":2,"column":31}},"2":{"start":{"line":3,"column":23},"end":{"line":3,"column":63}},"3":{"start":{"line":5,"column":0},"end":{"line":5,"column":34}},"4":{"start":{"line":7,"column":0},"end":{"line":7,"column":24}}},"fnMap":{},"branchMap":{},"s":{"0":1,"1":1,"2":1,"3":1,"4":1},"f":{},"b":{},"_coverageSchema":"1a1c01bbd47fc00a2c39e90264f33305004495a9","hash":"f629f3d976aea03140f3dbfce81aea06d3aca278"}
,"C:\\Users\\Swaroop.Bidkar\\Desktop\\New folder (3)\\SOW\\Backend\\utils\\mailer.js": {"path":"C:\\Users\\Swaroop.Bidkar\\Desktop\\New folder (3)\\SOW\\Backend\\utils\\mailer.js","statementMap":{"0":{"start":{"line":1,"column":19},"end":{"line":1,"column":40}},"1":{"start":{"line":3,"column":20},"end":{"line":14,"column":2}},"2":{"start":{"line":16,"column":0},"end":{"line":16,"column":29}}},"fnMap":{},"branchMap":{},"s":{"0":1,"1":1,"2":1},"f":{},"b":{},"_coverageSchema":"1a1c01bbd47fc00a2c39e90264f33305004495a9","hash":"66602cd1d6a71c4b505d21b8d7c93e290696d694"}
,"C:\\Users\\Swaroop.Bidkar\\Desktop\\New folder (3)\\SOW\\Backend\\utils\\pdfParser.js": {"path":"C:\\Users\\Swaroop.Bidkar\\Desktop\\New folder (3)\\SOW\\Backend\\utils\\pdfParser.js","statementMap":{"0":{"start":{"line":1,"column":11},"end":{"line":1,"column":24}},"1":{"start":{"line":2,"column":17},"end":{"line":2,"column":37}},"2":{"start":{"line":5,"column":28},"end":{"line":22,"column":1}},"3":{"start":{"line":6,"column":2},"end":{"line":21,"column":3}},"4":{"start":{"line":7,"column":23},"end":{"line":7,"column":48}},"5":{"start":{"line":8,"column":20},"end":{"line":8,"column":46}},"6":{"start":{"line":11,"column":17},"end":{"line":11,"column":29}},"7":{"start":{"line":12,"column":27},"end":{"line":12,"column":85}},"8":{"start":{"line":13,"column":25},"end":{"line":13,"column":81}},"9":{"start":{"line":15,"column":22},"end":{"line":15,"column":73}},"10":{"start":{"line":16,"column":20},"end":{"line":16,"column":67}},"11":{"start":{"line":18,"column":4},"end":{"line":18,"column":34}},"12":{"start":{"line":20,"column":4},"end":{"line":20,"column":57}},"13":{"start":{"line":24,"column":0},"end":{"line":24,"column":37}}},"fnMap":{"0":{"name":"(anonymous_0)","decl":{"start":{"line":5,"column":28},"end":{"line":5,"column":29}},"loc":{"start":{"line":5,"column":48},"end":{"line":22,"column":1}},"line":5}},"branchMap":{"0":{"loc":{"start":{"line":15,"column":22},"end":{"line":15,"column":73}},"type":"cond-expr","locations":[{"start":{"line":15,"column":39},"end":{"line":15,"column":66}},{"start":{"line":15,"column":69},"end":{"line":15,"column":73}}],"line":15},"1":{"loc":{"start":{"line":16,"column":20},"end":{"line":16,"column":67}},"type":"cond-expr","locations":[{"start":{"line":16,"column":35},"end":{"line":16,"column":60}},{"start":{"line":16,"column":63},"end":{"line":16,"column":67}}],"line":16}},"s":{"0":1,"1":1,"2":1,"3":0,"4":0,"5":0,"6":0,"7":0,"8":0,"9":0,"10":0,"11":0,"12":0,"13":1},"f":{"0":0},"b":{"0":[0,0],"1":[0,0]},"_coverageSchema":"1a1c01bbd47fc00a2c39e90264f33305004495a9","hash":"d031c53484a5057b2a4ca9b439aa9da78009b51b"}
}
