TN:
SF:app.js
FN:37,(anonymous_0)
FN:45,(anonymous_1)
FN:51,(anonymous_2)
FNF:3
FNH:0
FNDA:0,(anonymous_0)
FNDA:0,(anonymous_1)
FNDA:0,(anonymous_2)
DA:1,1
DA:2,1
DA:3,1
DA:4,1
DA:7,1
DA:8,1
DA:9,1
DA:10,1
DA:11,1
DA:12,1
DA:14,1
DA:15,1
DA:19,1
DA:20,1
DA:21,1
DA:22,1
DA:24,1
DA:25,1
DA:26,1
DA:27,1
DA:28,1
DA:29,1
DA:37,1
DA:38,0
DA:39,0
DA:45,1
DA:46,0
DA:47,0
DA:50,1
DA:51,1
DA:52,0
LF:31
LH:26
BRDA:50,0,0,1
BRDA:50,0,1,1
BRF:2
BRH:2
end_of_record
TN:
SF:controllers\authController.js
FN:190,(anonymous_0)
FN:194,(anonymous_1)
FN:207,(anonymous_2)
FN:254,(anonymous_3)
FN:262,(anonymous_4)
FN:271,(anonymous_5)
FN:288,(anonymous_6)
FN:292,(anonymous_7)
FN:308,(anonymous_8)
FN:315,(anonymous_9)
FN:322,(anonymous_10)
FNF:11
FNH:11
FNDA:4,(anonymous_0)
FNDA:4,(anonymous_1)
FNDA:2,(anonymous_2)
FNDA:4,(anonymous_3)
FNDA:3,(anonymous_4)
FNDA:2,(anonymous_5)
FNDA:4,(anonymous_6)
FNDA:4,(anonymous_7)
FNDA:1,(anonymous_8)
FNDA:1,(anonymous_9)
FNDA:1,(anonymous_10)
DA:89,2
DA:90,2
DA:91,2
DA:94,2
DA:95,2
DA:190,2
DA:191,4
DA:193,4
DA:194,4
DA:195,4
DA:196,1
DA:197,1
DA:200,3
DA:201,1
DA:204,2
DA:205,2
DA:207,2
DA:208,2
DA:209,0
DA:210,0
DA:213,2
DA:214,1
DA:218,1
DA:224,1
DA:254,2
DA:255,4
DA:256,4
DA:258,4
DA:259,1
DA:262,3
DA:263,3
DA:264,1
DA:265,1
DA:268,2
DA:270,2
DA:271,2
DA:272,2
DA:273,0
DA:274,0
DA:277,2
DA:278,1
DA:279,1
DA:282,1
DA:283,1
DA:288,2
DA:289,4
DA:291,4
DA:292,4
DA:293,4
DA:294,1
DA:295,1
DA:298,3
DA:299,1
DA:302,2
DA:304,2
DA:305,1
DA:308,1
DA:309,1
DA:310,0
DA:311,0
DA:314,1
DA:315,1
DA:316,1
DA:317,0
DA:318,0
DA:321,1
DA:322,1
DA:323,1
DA:324,0
DA:325,0
DA:328,1
LF:71
LH:61
BRDA:94,0,0,2
BRDA:94,0,1,1
BRDA:95,1,0,2
BRDA:95,1,1,1
BRDA:195,2,0,1
BRDA:195,2,1,3
BRDA:200,3,0,1
BRDA:200,3,1,2
BRDA:208,4,0,0
BRDA:208,4,1,2
BRDA:213,5,0,1
BRDA:213,5,1,1
BRDA:256,6,0,4
BRDA:256,6,1,3
BRDA:258,7,0,1
BRDA:258,7,1,3
BRDA:263,8,0,1
BRDA:263,8,1,2
BRDA:272,9,0,0
BRDA:272,9,1,2
BRDA:277,10,0,1
BRDA:277,10,1,1
BRDA:293,11,0,1
BRDA:293,11,1,3
BRDA:298,12,0,1
BRDA:298,12,1,2
BRDA:304,13,0,1
BRDA:304,13,1,1
BRDA:309,14,0,0
BRDA:309,14,1,1
BRDA:316,15,0,0
BRDA:316,15,1,1
BRDA:323,16,0,0
BRDA:323,16,1,1
BRF:34
BRH:29
end_of_record
TN:
SF:controllers\dashboardController.js
FN:4,(anonymous_0)
FN:22,(anonymous_1)
FN:30,(anonymous_2)
FN:55,(anonymous_3)
FN:64,(anonymous_4)
FN:74,(anonymous_5)
FN:100,(anonymous_6)
FNF:7
FNH:7
FNDA:2,(anonymous_0)
FNDA:2,(anonymous_1)
FNDA:3,(anonymous_2)
FNDA:2,(anonymous_3)
FNDA:5,(anonymous_4)
FNDA:4,(anonymous_5)
FNDA:2,(anonymous_6)
DA:1,2
DA:4,2
DA:5,2
DA:23,2
DA:24,1
DA:30,2
DA:31,3
DA:32,3
DA:33,3
DA:34,3
DA:35,3
DA:36,3
DA:37,1
DA:40,2
DA:56,2
DA:57,1
DA:58,1
DA:64,2
DA:65,5
DA:66,5
DA:67,5
DA:68,1
DA:71,4
DA:75,4
DA:76,3
DA:77,1
DA:79,2
DA:81,2
DA:101,2
DA:102,1
LF:30
LH:30
BRDA:23,0,0,1
BRDA:23,0,1,1
BRDA:36,1,0,1
BRDA:36,1,1,2
BRDA:36,2,0,3
BRDA:36,2,1,2
BRDA:56,3,0,1
BRDA:56,3,1,1
BRDA:67,4,0,1
BRDA:67,4,1,4
BRDA:67,5,0,5
BRDA:67,5,1,4
BRDA:75,6,0,1
BRDA:75,6,1,3
BRDA:76,7,0,1
BRDA:76,7,1,2
BRDA:101,8,0,1
BRDA:101,8,1,1
BRF:18
BRH:18
end_of_record
TN:
SF:controllers\dropdownController.js
FN:4,(anonymous_0)
FN:7,(anonymous_1)
FN:19,(anonymous_2)
FN:32,(anonymous_3)
FN:45,(anonymous_4)
FNF:5
FNH:5
FNDA:2,(anonymous_0)
FNDA:2,(anonymous_1)
FNDA:4,(anonymous_2)
FNDA:3,(anonymous_3)
FNDA:3,(anonymous_4)
DA:1,2
DA:4,2
DA:5,2
DA:7,2
DA:8,2
DA:9,1
DA:10,1
DA:12,1
DA:19,2
DA:20,4
DA:23,4
DA:24,1
DA:27,3
DA:32,3
DA:33,3
DA:34,1
DA:35,1
DA:38,2
DA:39,1
DA:43,1
DA:44,1
DA:45,3
DA:48,1
DA:51,1
DA:56,2
LF:25
LH:25
BRDA:8,0,0,1
BRDA:8,0,1,1
BRDA:23,1,0,1
BRDA:23,1,1,3
BRDA:23,2,0,4
BRDA:23,2,1,4
BRDA:33,3,0,1
BRDA:33,3,1,2
BRDA:38,4,0,1
BRDA:38,4,1,1
BRF:10
BRH:10
end_of_record
TN:
SF:controllers\notificationController.js
FN:5,(anonymous_0)
FN:7,(anonymous_1)
FN:116,(anonymous_2)
FN:132,(anonymous_3)
FN:140,(anonymous_4)
FN:167,(anonymous_5)
FN:188,generateNotifications
FN:214,(anonymous_7)
FNF:8
FNH:8
FNDA:1,(anonymous_0)
FNDA:1,(anonymous_1)
FNDA:1,(anonymous_2)
FNDA:1,(anonymous_3)
FNDA:1,(anonymous_4)
FNDA:1,(anonymous_5)
FNDA:1,generateNotifications
FNDA:1,(anonymous_7)
DA:1,2
DA:2,2
DA:3,2
DA:5,2
DA:6,1
DA:7,1
DA:8,1
DA:9,1
DA:116,2
DA:117,1
DA:118,1
DA:120,1
DA:133,1
DA:135,1
DA:136,0
DA:137,0
DA:140,1
DA:141,1
DA:144,1
DA:146,1
DA:167,1
DA:168,1
DA:170,1
DA:171,0
DA:173,1
DA:176,1
DA:188,2
DA:189,1
DA:190,1
DA:191,1
DA:192,1
DA:194,1
DA:195,1
DA:196,1
DA:197,1
DA:198,1
DA:199,1
DA:201,1
DA:209,1
DA:214,1
DA:215,1
DA:216,0
DA:218,1
DA:222,0
LF:44
LH:39
BRDA:8,0,0,0
BRDA:8,0,1,1
BRDA:133,1,0,0
BRDA:133,1,1,1
BRDA:135,2,0,0
BRDA:135,2,1,1
BRDA:168,3,0,0
BRDA:168,3,1,1
BRDA:170,4,0,0
BRDA:170,4,1,1
BRDA:215,5,0,0
BRDA:215,5,1,1
BRF:12
BRH:6
end_of_record
TN:
SF:controllers\sowController.js
FN:8,(anonymous_0)
FN:34,(anonymous_1)
FN:61,(anonymous_2)
FN:171,(anonymous_3)
FN:219,(anonymous_4)
FN:298,(anonymous_5)
FN:305,(anonymous_6)
FN:315,(anonymous_7)
FN:340,(anonymous_8)
FNF:9
FNH:0
FNDA:0,(anonymous_0)
FNDA:0,(anonymous_1)
FNDA:0,(anonymous_2)
FNDA:0,(anonymous_3)
FNDA:0,(anonymous_4)
FNDA:0,(anonymous_5)
FNDA:0,(anonymous_6)
FNDA:0,(anonymous_7)
FNDA:0,(anonymous_8)
DA:1,1
DA:3,1
DA:4,1
DA:5,1
DA:8,1
DA:9,0
DA:10,0
DA:11,0
DA:14,0
DA:15,0
DA:18,0
DA:20,0
DA:21,0
DA:25,0
DA:27,0
DA:28,0
DA:29,0
DA:33,0
DA:34,0
DA:35,0
DA:36,0
DA:37,0
DA:42,0
DA:49,0
DA:61,0
DA:62,0
DA:63,0
DA:64,0
DA:65,0
DA:67,0
DA:71,0
DA:74,0
DA:76,0
DA:83,0
DA:86,0
DA:87,0
DA:88,0
DA:90,0
DA:94,0
DA:171,1
DA:172,0
DA:179,0
DA:181,0
DA:182,0
DA:185,0
DA:186,0
DA:189,0
DA:190,0
DA:191,0
DA:195,0
DA:198,0
DA:207,0
DA:219,0
DA:220,0
DA:222,0
DA:223,0
DA:224,0
DA:227,0
DA:235,0
DA:237,0
DA:238,0
DA:239,0
DA:241,0
DA:245,0
DA:298,1
DA:299,0
DA:305,0
DA:306,0
DA:307,0
DA:308,0
DA:310,0
DA:315,1
DA:316,0
DA:318,0
DA:340,0
DA:341,0
DA:342,0
DA:343,0
DA:346,0
LF:79
LH:8
BRDA:14,0,0,0
BRDA:14,0,1,0
BRDA:14,1,0,0
BRDA:14,1,1,0
BRDA:14,1,2,0
BRDA:14,1,3,0
BRDA:20,2,0,0
BRDA:20,2,1,0
BRDA:27,3,0,0
BRDA:27,3,1,0
BRDA:27,4,0,0
BRDA:27,4,1,0
BRDA:35,5,0,0
BRDA:35,5,1,0
BRDA:62,6,0,0
BRDA:62,6,1,0
BRDA:86,7,0,0
BRDA:86,7,1,0
BRDA:181,8,0,0
BRDA:181,8,1,0
BRDA:185,9,0,0
BRDA:185,9,1,0
BRDA:185,10,0,0
BRDA:185,10,1,0
BRDA:190,11,0,0
BRDA:190,11,1,0
BRDA:211,12,0,0
BRDA:211,12,1,0
BRDA:212,13,0,0
BRDA:212,13,1,0
BRDA:213,14,0,0
BRDA:213,14,1,0
BRDA:214,15,0,0
BRDA:214,15,1,0
BRDA:215,16,0,0
BRDA:215,16,1,0
BRDA:222,17,0,0
BRDA:222,17,1,0
BRDA:230,18,0,0
BRDA:230,18,1,0
BRDA:231,19,0,0
BRDA:231,19,1,0
BRDA:237,20,0,0
BRDA:237,20,1,0
BRDA:306,21,0,0
BRDA:306,21,1,0
BRDA:341,22,0,0
BRDA:341,22,1,0
BRF:48
BRH:0
end_of_record
TN:
SF:controllers\sowStatusController.js
FN:73,(anonymous_0)
FN:77,(anonymous_1)
FN:85,(anonymous_2)
FN:107,(anonymous_3)
FN:116,(anonymous_4)
FN:122,(anonymous_5)
FN:158,(anonymous_6)
FNF:7
FNH:7
FNDA:2,(anonymous_0)
FNDA:2,(anonymous_1)
FNDA:2,(anonymous_2)
FNDA:2,(anonymous_3)
FNDA:1,(anonymous_4)
FNDA:1,(anonymous_5)
FNDA:1,(anonymous_6)
DA:70,2
DA:71,2
DA:73,2
DA:74,2
DA:77,2
DA:78,2
DA:79,0
DA:83,2
DA:85,2
DA:86,2
DA:87,2
DA:89,2
DA:91,2
DA:92,0
DA:93,2
DA:94,2
DA:98,2
DA:99,1
DA:101,2
DA:104,2
DA:108,2
DA:109,0
DA:116,2
DA:117,1
DA:118,0
DA:122,1
DA:123,1
DA:124,1
DA:125,1
DA:127,1
DA:129,1
DA:131,0
DA:133,0
DA:134,0
DA:135,0
DA:136,0
DA:137,0
DA:138,0
DA:142,1
DA:143,0
DA:144,0
DA:145,1
DA:146,1
DA:147,1
DA:149,0
DA:150,0
DA:155,1
DA:159,1
DA:160,0
DA:166,1
DA:172,2
LF:51
LH:35
BRDA:78,0,0,0
BRDA:78,0,1,2
BRDA:87,1,0,2
BRDA:87,1,1,0
BRDA:91,2,0,0
BRDA:91,2,1,2
BRDA:91,3,0,2
BRDA:91,3,1,2
BRDA:93,4,0,2
BRDA:93,4,1,0
BRDA:98,5,0,1
BRDA:98,5,1,1
BRDA:108,6,0,0
BRDA:108,6,1,2
BRDA:117,7,0,0
BRDA:117,7,1,1
BRDA:129,8,0,0
BRDA:129,8,1,1
BRDA:129,9,0,1
BRDA:129,9,1,1
BRDA:131,10,0,0
BRDA:131,10,1,0
BRDA:133,11,0,0
BRDA:133,11,1,0
BRDA:133,12,0,0
BRDA:133,12,1,0
BRDA:136,13,0,0
BRDA:136,13,1,0
BRDA:142,14,0,0
BRDA:142,14,1,1
BRDA:145,15,0,1
BRDA:145,15,1,0
BRDA:159,16,0,0
BRDA:159,16,1,1
BRF:34
BRH:16
end_of_record
TN:
SF:controllers\userController.js
FN:35,(anonymous_0)
FN:44,(anonymous_1)
FN:62,(anonymous_2)
FNF:3
FNH:3
FNDA:3,(anonymous_0)
FNDA:3,(anonymous_1)
FNDA:2,(anonymous_2)
DA:31,2
DA:32,2
DA:33,2
DA:35,2
DA:36,3
DA:39,3
DA:44,3
DA:45,3
DA:46,1
DA:47,1
DA:50,2
DA:53,2
DA:54,2
DA:57,2
DA:62,2
DA:63,2
DA:64,1
DA:65,1
DA:68,1
LF:19
LH:19
BRDA:45,0,0,1
BRDA:45,0,1,2
BRDA:63,1,0,1
BRDA:63,1,1,1
BRF:4
BRH:4
end_of_record
TN:
SF:middleware\authMiddleware.js
FN:4,(anonymous_0)
FN:10,(anonymous_1)
FNF:2
FNH:0
FNDA:0,(anonymous_0)
FNDA:0,(anonymous_1)
DA:1,1
DA:2,1
DA:4,1
DA:5,0
DA:6,0
DA:8,0
DA:10,0
DA:11,0
DA:13,0
DA:14,0
LF:10
LH:3
BRDA:2,0,0,1
BRDA:2,0,1,0
BRDA:6,1,0,0
BRDA:6,1,1,0
BRDA:8,2,0,0
BRDA:8,2,1,0
BRDA:11,3,0,0
BRDA:11,3,1,0
BRF:8
BRH:1
end_of_record
TN:
SF:middleware\upload.js
FN:5,(anonymous_0)
FNF:1
FNH:0
FNDA:0,(anonymous_0)
DA:1,1
DA:3,1
DA:6,0
DA:10,1
DA:12,1
LF:5
LH:4
BRF:0
BRH:0
end_of_record
TN:
SF:routes\authRoutes.js
FNF:0
FNH:0
DA:10,1
DA:11,1
DA:12,1
DA:14,1
DA:15,1
DA:16,1
DA:18,1
LF:7
LH:7
BRF:0
BRH:0
end_of_record
TN:
SF:routes\dashboardRoutes.js
FNF:0
FNH:0
DA:1,1
DA:2,1
DA:3,1
DA:5,1
DA:7,1
DA:8,1
DA:9,1
DA:11,1
LF:8
LH:8
BRF:0
BRH:0
end_of_record
TN:
SF:routes\dropdownRoutes.js
FNF:0
FNH:0
DA:1,1
DA:2,1
DA:3,1
DA:6,1
DA:7,1
DA:8,1
LF:6
LH:6
BRF:0
BRH:0
end_of_record
TN:
SF:routes\notificationRoutes.js
FNF:0
FNH:0
DA:1,1
DA:2,1
DA:3,1
DA:5,1
DA:7,1
LF:5
LH:5
BRF:0
BRH:0
end_of_record
TN:
SF:routes\sowRoutes.js
FNF:0
FNH:0
DA:1,1
DA:2,1
DA:3,1
DA:4,1
DA:6,1
DA:8,1
DA:10,1
DA:11,1
DA:13,1
LF:9
LH:9
BRF:0
BRH:0
end_of_record
TN:
SF:routes\userRoutes.js
FNF:0
FNH:0
DA:1,1
DA:2,1
DA:3,1
DA:5,1
DA:7,1
LF:5
LH:5
BRF:0
BRH:0
end_of_record
TN:
SF:utils\mailer.js
FNF:0
FNH:0
DA:1,1
DA:3,1
DA:16,1
LF:3
LH:3
BRF:0
BRH:0
end_of_record
TN:
SF:utils\pdfParser.js
FN:5,(anonymous_0)
FNF:1
FNH:0
FNDA:0,(anonymous_0)
DA:1,1
DA:2,1
DA:5,1
DA:6,0
DA:7,0
DA:8,0
DA:11,0
DA:12,0
DA:13,0
DA:15,0
DA:16,0
DA:18,0
DA:20,0
DA:24,1
LF:14
LH:4
BRDA:15,0,0,0
BRDA:15,0,1,0
BRDA:16,1,0,0
BRDA:16,1,1,0
BRF:4
BRH:0
end_of_record
